<?xml version="1.0" encoding="UTF-8"?>
<robot generator="Robot 5.0 (Python 3.10.1 on win32)" generated="20220424 15:29:39.730" rpa="false" schemaversion="3">
<suite id="s1" name="Felix test cu" source="C:\Users\donov\Documents\cours\FIL1\qualité logicielle et méthode agile\Projet_Felix_SUARD_BRUN\TV_Felix\Felix_test_cu.robot">
<kw name="Exécution Camix" library="Felix_test_cu" type="SETUP">
<kw name="Start Process" library="Process">
<arg>java</arg>
<arg>-jar</arg>
<arg>SUT/Camix-0.4.3.jar</arg>
<arg>alias=Camix</arg>
<doc>Starts a new process on background.</doc>
<msg timestamp="20220424 15:29:40.285" level="INFO">Starting process:
java -jar SUT/Camix-0.4.3.jar</msg>
<status status="PASS" starttime="20220424 15:29:40.285" endtime="20220424 15:29:40.293"/>
</kw>
<kw name="Sleep" library="BuiltIn">
<arg>2s</arg>
<doc>Pauses the test executed for the given time.</doc>
<msg timestamp="20220424 15:29:42.301" level="INFO">Slept 2 seconds</msg>
<status status="PASS" starttime="20220424 15:29:40.293" endtime="20220424 15:29:42.301"/>
</kw>
<status status="PASS" starttime="20220424 15:29:40.285" endtime="20220424 15:29:42.302"/>
</kw>
<test id="s1-t1" name="Entrer dans le chat (smoke test)" line="11">
<kw name="Entrer dans le chat (smoke test)">
<tag>smoke</tag>
<kw name="L'utilisateur lance l'exécution du composant Felix" library="Felix_test_cu">
<kw name="Start Application" library="RemoteSwingLibrary">
<arg>Felix</arg>
<arg>java -jar SUT/Felix-0.4.3.jar</arg>
<doc>Starts the process in the ``command`` parameter  on the host operating system.
        The given ``alias`` is stored to identify the started application in RemoteSwingLibrary.</doc>
<msg timestamp="20220424 15:29:42.306" level="INFO" html="true">&lt;a href="C:\Users\donov\Documents\cours\FIL1\qualité logicielle et méthode agile\Projet_Felix_SUARD_BRUN\TV_Felix\Report\20220424152942.remoteswinglibrary.out"&gt;Link to stdout&lt;/a&gt;</msg>
<msg timestamp="20220424 15:29:42.306" level="INFO" html="true">&lt;a href="C:\Users\donov\Documents\cours\FIL1\qualité logicielle et méthode agile\Projet_Felix_SUARD_BRUN\TV_Felix\Report\20220424152942.remoteswinglibrary.err"&gt;Link to stderr&lt;/a&gt;</msg>
<msg timestamp="20220424 15:29:42.306" level="INFO">-javaagent:"C:\Users\donov\Documents\cours\FIL1\qualité logicielle et méthode agile\Projet_Felix_SUARD_BRUN\TV_Felix\RobotFramework\remoteswinglibrary-2.3.0.jar"=127.0.0.1:50163</msg>
<msg timestamp="20220424 15:29:42.306" level="INFO">Java version &gt; 9: True</msg>
<msg timestamp="20220424 15:29:42.309" level="INFO">Starting process:
java -jar SUT/Felix-0.4.3.jar</msg>
<msg timestamp="20220424 15:29:44.925" level="INFO">connecting to started application at 127.0.0.1:50165</msg>
<msg timestamp="20220424 15:29:44.925" level="INFO">waiting for api at 127.0.0.1:50165</msg>
<msg timestamp="20220424 15:29:45.248" level="INFO">api is ready</msg>
<msg timestamp="20220424 15:29:45.249" level="INFO">connected to started application at 127.0.0.1:50165</msg>
<msg timestamp="20220424 15:29:45.250" level="INFO" html="true">&lt;b&gt;Messages by 'RemoteSwingLibrary registration server thread'&lt;/b&gt;</msg>
<status status="PASS" starttime="20220424 15:29:42.305" endtime="20220424 15:29:45.250"/>
</kw>
<kw name="Sleep" library="BuiltIn">
<arg>1s</arg>
<doc>Pauses the test executed for the given time.</doc>
<msg timestamp="20220424 15:29:46.265" level="INFO">Slept 1 second</msg>
<status status="PASS" starttime="20220424 15:29:45.250" endtime="20220424 15:29:46.265"/>
</kw>
<status status="PASS" starttime="20220424 15:29:42.304" endtime="20220424 15:29:46.265"/>
</kw>
<kw name="Felix affiche la vue connexion" library="Felix_test_cu">
<kw name="Window Should Be Open" library="RemoteSwingLibrary">
<arg>Connexion</arg>
<doc>Fails if the window is not open.</doc>
<status status="PASS" starttime="20220424 15:29:46.265" endtime="20220424 15:29:46.805"/>
</kw>
<status status="PASS" starttime="20220424 15:29:46.265" endtime="20220424 15:29:46.805"/>
</kw>
<kw name="Arrêt Felix" library="Felix_test_cu" type="TEARDOWN">
<kw name="Switch To Application" library="RemoteSwingLibrary">
<arg>Felix</arg>
<doc>Switches between applications that are known to RemoteSwingLibrary.
        The application is identified using the ``alias``.
        Subsequent keywords will be passed on to this application.</doc>
<status status="PASS" starttime="20220424 15:29:46.806" endtime="20220424 15:29:46.806"/>
</kw>
<kw name="System Exit" library="RemoteSwingLibrary">
<doc> Uses the RemoteSwingLibrary java agent to call system exit for the current java application.</doc>
<msg timestamp="20220424 15:29:49.532" level="INFO">Connection died as expected</msg>
<msg timestamp="20220424 15:29:49.533" level="INFO">Waiting for process to complete.</msg>
<msg timestamp="20220424 15:29:49.533" level="INFO">Process completed.</msg>
<status status="PASS" starttime="20220424 15:29:46.807" endtime="20220424 15:29:49.533"/>
</kw>
<kw name="Sleep" library="BuiltIn">
<arg>1s</arg>
<doc>Pauses the test executed for the given time.</doc>
<msg timestamp="20220424 15:29:50.541" level="INFO">Slept 1 second</msg>
<status status="PASS" starttime="20220424 15:29:49.533" endtime="20220424 15:29:50.541"/>
</kw>
<status status="PASS" starttime="20220424 15:29:46.806" endtime="20220424 15:29:50.542"/>
</kw>
<status status="PASS" starttime="20220424 15:29:42.304" endtime="20220424 15:29:50.542"/>
</kw>
<status status="PASS" starttime="20220424 15:29:42.302" endtime="20220424 15:29:50.543"/>
</test>
<test id="s1-t2" name="Entrer dans le chat" line="14">
<kw name="Entrer dans le chat">
<kw name="L'utilisateur lance l'exécution du composant Felix" library="Felix_test_cu">
<kw name="Start Application" library="RemoteSwingLibrary">
<arg>Felix</arg>
<arg>java -jar SUT/Felix-0.4.3.jar</arg>
<doc>Starts the process in the ``command`` parameter  on the host operating system.
        The given ``alias`` is stored to identify the started application in RemoteSwingLibrary.</doc>
<msg timestamp="20220424 15:29:50.548" level="INFO" html="true">&lt;a href="C:\Users\donov\Documents\cours\FIL1\qualité logicielle et méthode agile\Projet_Felix_SUARD_BRUN\TV_Felix\Report\20220424152950.remoteswinglibrary.out"&gt;Link to stdout&lt;/a&gt;</msg>
<msg timestamp="20220424 15:29:50.548" level="INFO" html="true">&lt;a href="C:\Users\donov\Documents\cours\FIL1\qualité logicielle et méthode agile\Projet_Felix_SUARD_BRUN\TV_Felix\Report\20220424152950.remoteswinglibrary.err"&gt;Link to stderr&lt;/a&gt;</msg>
<msg timestamp="20220424 15:29:50.548" level="INFO">-javaagent:"C:\Users\donov\Documents\cours\FIL1\qualité logicielle et méthode agile\Projet_Felix_SUARD_BRUN\TV_Felix\RobotFramework\remoteswinglibrary-2.3.0.jar"=127.0.0.1:50163</msg>
<msg timestamp="20220424 15:29:50.548" level="INFO">Java version &gt; 9: True</msg>
<msg timestamp="20220424 15:29:50.552" level="INFO">Starting process:
java -jar SUT/Felix-0.4.3.jar</msg>
<msg timestamp="20220424 15:29:53.208" level="INFO">connecting to started application at 127.0.0.1:50171</msg>
<msg timestamp="20220424 15:29:53.208" level="INFO">waiting for api at 127.0.0.1:50171</msg>
<msg timestamp="20220424 15:29:53.327" level="INFO">api is ready</msg>
<msg timestamp="20220424 15:29:53.327" level="INFO">connected to started application at 127.0.0.1:50171</msg>
<msg timestamp="20220424 15:29:53.327" level="INFO" html="true">&lt;b&gt;Messages by 'RemoteSwingLibrary registration server thread'&lt;/b&gt;</msg>
<status status="PASS" starttime="20220424 15:29:50.547" endtime="20220424 15:29:53.328"/>
</kw>
<kw name="Sleep" library="BuiltIn">
<arg>1s</arg>
<doc>Pauses the test executed for the given time.</doc>
<msg timestamp="20220424 15:29:54.338" level="INFO">Slept 1 second</msg>
<status status="PASS" starttime="20220424 15:29:53.328" endtime="20220424 15:29:54.338"/>
</kw>
<status status="PASS" starttime="20220424 15:29:50.546" endtime="20220424 15:29:54.338"/>
</kw>
<kw name="Felix affiche la vue connexion" library="Felix_test_cu">
<kw name="Window Should Be Open" library="RemoteSwingLibrary">
<arg>Connexion</arg>
<doc>Fails if the window is not open.</doc>
<status status="PASS" starttime="20220424 15:29:54.339" endtime="20220424 15:29:54.854"/>
</kw>
<status status="PASS" starttime="20220424 15:29:54.339" endtime="20220424 15:29:54.855"/>
</kw>
<kw name="L'utilisateur demande à se connecter" library="Felix_test_cu">
<kw name="Select Window" library="RemoteSwingLibrary">
<arg>Connexion</arg>
<doc>Selects a window as current context and sets focus to it.</doc>
<status status="PASS" starttime="20220424 15:29:54.855" endtime="20220424 15:29:54.863"/>
</kw>
<kw name="Push Button" library="RemoteSwingLibrary">
<arg>Connexion</arg>
<doc>Uses current context to search for a button and when found, pushes it.</doc>
<status status="PASS" starttime="20220424 15:29:54.863" endtime="20220424 15:29:54.923"/>
</kw>
<status status="PASS" starttime="20220424 15:29:54.855" endtime="20220424 15:29:54.923"/>
</kw>
<kw name="Felix affiche un message de connexion" library="Felix_test_cu">
<arg>${IP_CAMIX}</arg>
<arg>${PORT_CAMIX}</arg>
<if>
<branch type="IF" condition="&quot;${ip}&quot; != &quot;${UNCHANGED}&quot; and &quot;${port}&quot; != &quot;${UNCHANGED}&quot;">
<kw name="Select Window" library="RemoteSwingLibrary">
<arg>Connexion</arg>
<doc>Selects a window as current context and sets focus to it.</doc>
<status status="PASS" starttime="20220424 15:29:54.925" endtime="20220424 15:29:54.930"/>
</kw>
<kw name="Assert Text Field Value" library="Felix_test_cu">
<arg>Information</arg>
<arg>${MSG_CONNEXION}${ip}:${port}</arg>
<kw name="Get Text Field Value" library="RemoteSwingLibrary">
<var>${value}</var>
<arg>${textfield}</arg>
<doc>Returns the value of a text component (e.g. text field, password field, text area).</doc>
<msg timestamp="20220424 15:29:54.966" level="INFO">${value} = Connexion au chat @127.0.0.1:12345</msg>
<status status="PASS" starttime="20220424 15:29:54.931" endtime="20220424 15:29:54.966"/>
</kw>
<kw name="Should Be Equal As Strings" library="BuiltIn">
<arg>${value}</arg>
<arg>${expectedValue}</arg>
<doc>Fails if objects are unequal after converting them to strings.</doc>
<status status="PASS" starttime="20220424 15:29:54.968" endtime="20220424 15:29:54.968"/>
</kw>
<status status="PASS" starttime="20220424 15:29:54.931" endtime="20220424 15:29:54.968"/>
</kw>
<status status="PASS" starttime="20220424 15:29:54.925" endtime="20220424 15:29:54.968"/>
</branch>
<branch type="ELSE IF" condition="&quot;${ip}&quot; != &quot;${UNCHANGED}&quot; and &quot;${port}&quot; == &quot;${UNCHANGED}&quot;">
<kw name="Select Window" library="RemoteSwingLibrary">
<arg>Connexion</arg>
<doc>Selects a window as current context and sets focus to it.</doc>
<status status="NOT RUN" starttime="20220424 15:29:54.968" endtime="20220424 15:29:54.968"/>
</kw>
<kw name="Assert Text Field Value" library="Felix_test_cu">
<arg>Information</arg>
<arg>${MSG_CONNEXION}${ip}:${PORT_CAMIX}</arg>
<status status="NOT RUN" starttime="20220424 15:29:54.968" endtime="20220424 15:29:54.969"/>
</kw>
<status status="NOT RUN" starttime="20220424 15:29:54.968" endtime="20220424 15:29:54.969"/>
</branch>
<branch type="ELSE IF" condition="&quot;${ip}&quot; == &quot;${UNCHANGED}&quot; and &quot;${port}&quot; != &quot;${UNCHANGED}&quot;">
<kw name="Select Window" library="RemoteSwingLibrary">
<arg>Connexion</arg>
<doc>Selects a window as current context and sets focus to it.</doc>
<status status="NOT RUN" starttime="20220424 15:29:54.969" endtime="20220424 15:29:54.969"/>
</kw>
<kw name="Assert Text Field Value" library="Felix_test_cu">
<arg>Information</arg>
<arg>${MSG_CONNEXION}${IP_CAMIX}:${port}</arg>
<status status="NOT RUN" starttime="20220424 15:29:54.969" endtime="20220424 15:29:54.969"/>
</kw>
<status status="NOT RUN" starttime="20220424 15:29:54.969" endtime="20220424 15:29:54.969"/>
</branch>
<branch type="ELSE IF" condition="&quot;${ip}&quot; == &quot;${UNCHANGED}&quot; and &quot;${port}&quot; == &quot;${UNCHANGED}&quot;">
<kw name="Select Window" library="RemoteSwingLibrary">
<arg>Connexion</arg>
<doc>Selects a window as current context and sets focus to it.</doc>
<status status="NOT RUN" starttime="20220424 15:29:54.969" endtime="20220424 15:29:54.969"/>
</kw>
<kw name="Assert Text Field Value" library="Felix_test_cu">
<arg>Information</arg>
<arg>${MSG_CONNEXION}${IP_CAMIX}:${PORT_CAMIX}</arg>
<status status="NOT RUN" starttime="20220424 15:29:54.969" endtime="20220424 15:29:54.969"/>
</kw>
<status status="NOT RUN" starttime="20220424 15:29:54.969" endtime="20220424 15:29:54.969"/>
</branch>
<status status="PASS" starttime="20220424 15:29:54.924" endtime="20220424 15:29:54.969"/>
</if>
<status status="PASS" starttime="20220424 15:29:54.924" endtime="20220424 15:29:54.969"/>
</kw>
<kw name="Felix ferme la vue connexion" library="Felix_test_cu">
<kw name="Log" library="BuiltIn">
<arg>TODO</arg>
<doc>Logs the given message with the given level.</doc>
<msg timestamp="20220424 15:29:54.970" level="INFO">TODO</msg>
<status status="PASS" starttime="20220424 15:29:54.970" endtime="20220424 15:29:54.970"/>
</kw>
<status status="PASS" starttime="20220424 15:29:54.970" endtime="20220424 15:29:54.970"/>
</kw>
<kw name="Felix affiche la vue chat" library="Felix_test_cu">
<kw name="Window Should Be Open" library="RemoteSwingLibrary">
<arg>Chat</arg>
<doc>Fails if the window is not open.</doc>
<status status="PASS" starttime="20220424 15:29:54.970" endtime="20220424 15:29:55.527"/>
</kw>
<status status="PASS" starttime="20220424 15:29:54.970" endtime="20220424 15:29:55.527"/>
</kw>
<kw name="Arrêt Felix" library="Felix_test_cu" type="TEARDOWN">
<kw name="Switch To Application" library="RemoteSwingLibrary">
<arg>Felix</arg>
<doc>Switches between applications that are known to RemoteSwingLibrary.
        The application is identified using the ``alias``.
        Subsequent keywords will be passed on to this application.</doc>
<status status="PASS" starttime="20220424 15:29:55.528" endtime="20220424 15:29:55.528"/>
</kw>
<kw name="System Exit" library="RemoteSwingLibrary">
<doc> Uses the RemoteSwingLibrary java agent to call system exit for the current java application.</doc>
<msg timestamp="20220424 15:29:58.267" level="INFO">Connection died as expected</msg>
<msg timestamp="20220424 15:29:58.267" level="INFO">Waiting for process to complete.</msg>
<msg timestamp="20220424 15:29:58.268" level="INFO">Process completed.</msg>
<status status="PASS" starttime="20220424 15:29:55.528" endtime="20220424 15:29:58.268"/>
</kw>
<kw name="Sleep" library="BuiltIn">
<arg>1s</arg>
<doc>Pauses the test executed for the given time.</doc>
<msg timestamp="20220424 15:29:59.277" level="INFO">Slept 1 second</msg>
<status status="PASS" starttime="20220424 15:29:58.268" endtime="20220424 15:29:59.277"/>
</kw>
<status status="PASS" starttime="20220424 15:29:55.527" endtime="20220424 15:29:59.278"/>
</kw>
<status status="PASS" starttime="20220424 15:29:50.545" endtime="20220424 15:29:59.278"/>
</kw>
<status status="PASS" starttime="20220424 15:29:50.544" endtime="20220424 15:29:59.278"/>
</test>
<test id="s1-t3" name="Entrer dans le chat [modification de l'IP][modification du port]" line="17">
<kw name="Entrer dans le chat [modification de l'IP][modification du port]">
<arg>${IP_CAMIX}</arg>
<arg>${UNCHANGED}</arg>
<kw name="L'utilisateur lance l'exécution du composant Felix" library="Felix_test_cu">
<kw name="Start Application" library="RemoteSwingLibrary">
<arg>Felix</arg>
<arg>java -jar SUT/Felix-0.4.3.jar</arg>
<doc>Starts the process in the ``command`` parameter  on the host operating system.
        The given ``alias`` is stored to identify the started application in RemoteSwingLibrary.</doc>
<msg timestamp="20220424 15:29:59.281" level="INFO" html="true">&lt;a href="C:\Users\donov\Documents\cours\FIL1\qualité logicielle et méthode agile\Projet_Felix_SUARD_BRUN\TV_Felix\Report\20220424152959.remoteswinglibrary.out"&gt;Link to stdout&lt;/a&gt;</msg>
<msg timestamp="20220424 15:29:59.281" level="INFO" html="true">&lt;a href="C:\Users\donov\Documents\cours\FIL1\qualité logicielle et méthode agile\Projet_Felix_SUARD_BRUN\TV_Felix\Report\20220424152959.remoteswinglibrary.err"&gt;Link to stderr&lt;/a&gt;</msg>
<msg timestamp="20220424 15:29:59.281" level="INFO">-javaagent:"C:\Users\donov\Documents\cours\FIL1\qualité logicielle et méthode agile\Projet_Felix_SUARD_BRUN\TV_Felix\RobotFramework\remoteswinglibrary-2.3.0.jar"=127.0.0.1:50163</msg>
<msg timestamp="20220424 15:29:59.281" level="INFO">Java version &gt; 9: True</msg>
<msg timestamp="20220424 15:29:59.284" level="INFO">Starting process:
java -jar SUT/Felix-0.4.3.jar</msg>
<msg timestamp="20220424 15:30:01.951" level="INFO">connecting to started application at 127.0.0.1:50183</msg>
<msg timestamp="20220424 15:30:01.951" level="INFO">waiting for api at 127.0.0.1:50183</msg>
<msg timestamp="20220424 15:30:02.063" level="INFO">api is ready</msg>
<msg timestamp="20220424 15:30:02.063" level="INFO">connected to started application at 127.0.0.1:50183</msg>
<msg timestamp="20220424 15:30:02.064" level="INFO" html="true">&lt;b&gt;Messages by 'RemoteSwingLibrary registration server thread'&lt;/b&gt;</msg>
<status status="PASS" starttime="20220424 15:29:59.280" endtime="20220424 15:30:02.064"/>
</kw>
<kw name="Sleep" library="BuiltIn">
<arg>1s</arg>
<doc>Pauses the test executed for the given time.</doc>
<msg timestamp="20220424 15:30:03.070" level="INFO">Slept 1 second</msg>
<status status="PASS" starttime="20220424 15:30:02.064" endtime="20220424 15:30:03.070"/>
</kw>
<status status="PASS" starttime="20220424 15:29:59.280" endtime="20220424 15:30:03.071"/>
</kw>
<kw name="Felix affiche la vue connexion" library="Felix_test_cu">
<kw name="Window Should Be Open" library="RemoteSwingLibrary">
<arg>Connexion</arg>
<doc>Fails if the window is not open.</doc>
<status status="PASS" starttime="20220424 15:30:03.071" endtime="20220424 15:30:03.594"/>
</kw>
<status status="PASS" starttime="20220424 15:30:03.071" endtime="20220424 15:30:03.594"/>
</kw>
<kw name="L'utilisateur modifie l'adresse IP" library="Felix_test_cu">
<arg>${ip}</arg>
<if>
<branch type="IF" condition="&quot;${ip}&quot; != &quot;${UNCHANGED}&quot;">
<kw name="Select Window" library="RemoteSwingLibrary">
<arg>Connexion</arg>
<doc>Selects a window as current context and sets focus to it.</doc>
<status status="PASS" starttime="20220424 15:30:03.595" endtime="20220424 15:30:03.602"/>
</kw>
<kw name="Clear Text Field" library="RemoteSwingLibrary">
<arg>IP</arg>
<doc>Clears contents of text component (e.g. text field, password field, text area).</doc>
<status status="PASS" starttime="20220424 15:30:03.602" endtime="20220424 15:30:03.685"/>
</kw>
<kw name="Type Into Text Field" library="RemoteSwingLibrary">
<arg>IP</arg>
<arg>${ip}</arg>
<doc>Types text into a text component (e.g. text field, password field, text area).
Same as `Insert Into Textfield` but sends real key events when setting text field contents.
Useful if application expects real keyboard events instead of only setting the text of the textfield.</doc>
<status status="PASS" starttime="20220424 15:30:03.685" endtime="20220424 15:30:03.715"/>
</kw>
<kw name="Sleep" library="BuiltIn">
<arg>1s</arg>
<doc>Pauses the test executed for the given time.</doc>
<msg timestamp="20220424 15:30:04.724" level="INFO">Slept 1 second</msg>
<status status="PASS" starttime="20220424 15:30:03.715" endtime="20220424 15:30:04.724"/>
</kw>
<status status="PASS" starttime="20220424 15:30:03.595" endtime="20220424 15:30:04.724"/>
</branch>
<status status="PASS" starttime="20220424 15:30:03.595" endtime="20220424 15:30:04.724"/>
</if>
<status status="PASS" starttime="20220424 15:30:03.595" endtime="20220424 15:30:04.725"/>
</kw>
<kw name="L'utilisateur modifie le port" library="Felix_test_cu">
<arg>${port}</arg>
<if>
<branch type="IF" condition="&quot;${port}&quot; != &quot;${UNCHANGED}&quot;">
<kw name="Select Window" library="RemoteSwingLibrary">
<arg>Connexion</arg>
<doc>Selects a window as current context and sets focus to it.</doc>
<status status="NOT RUN" starttime="20220424 15:30:04.726" endtime="20220424 15:30:04.726"/>
</kw>
<kw name="Clear Text Field" library="RemoteSwingLibrary">
<arg>Port</arg>
<doc>Clears contents of text component (e.g. text field, password field, text area).</doc>
<status status="NOT RUN" starttime="20220424 15:30:04.726" endtime="20220424 15:30:04.727"/>
</kw>
<kw name="Type Into Text Field" library="RemoteSwingLibrary">
<arg>Port</arg>
<arg>${port}</arg>
<doc>Types text into a text component (e.g. text field, password field, text area).
Same as `Insert Into Textfield` but sends real key events when setting text field contents.
Useful if application expects real keyboard events instead of only setting the text of the textfield.</doc>
<status status="NOT RUN" starttime="20220424 15:30:04.727" endtime="20220424 15:30:04.727"/>
</kw>
<kw name="Sleep" library="BuiltIn">
<arg>1s</arg>
<doc>Pauses the test executed for the given time.</doc>
<status status="NOT RUN" starttime="20220424 15:30:04.727" endtime="20220424 15:30:04.727"/>
</kw>
<status status="NOT RUN" starttime="20220424 15:30:04.726" endtime="20220424 15:30:04.727"/>
</branch>
<status status="PASS" starttime="20220424 15:30:04.726" endtime="20220424 15:30:04.727"/>
</if>
<status status="PASS" starttime="20220424 15:30:04.725" endtime="20220424 15:30:04.727"/>
</kw>
<kw name="L'utilisateur demande à se connecter" library="Felix_test_cu">
<kw name="Select Window" library="RemoteSwingLibrary">
<arg>Connexion</arg>
<doc>Selects a window as current context and sets focus to it.</doc>
<status status="PASS" starttime="20220424 15:30:04.728" endtime="20220424 15:30:04.742"/>
</kw>
<kw name="Push Button" library="RemoteSwingLibrary">
<arg>Connexion</arg>
<doc>Uses current context to search for a button and when found, pushes it.</doc>
<status status="PASS" starttime="20220424 15:30:04.742" endtime="20220424 15:30:04.781"/>
</kw>
<status status="PASS" starttime="20220424 15:30:04.728" endtime="20220424 15:30:04.781"/>
</kw>
<kw name="Felix affiche un message de connexion" library="Felix_test_cu">
<arg>${ip}</arg>
<arg>${port}</arg>
<if>
<branch type="IF" condition="&quot;${ip}&quot; != &quot;${UNCHANGED}&quot; and &quot;${port}&quot; != &quot;${UNCHANGED}&quot;">
<kw name="Select Window" library="RemoteSwingLibrary">
<arg>Connexion</arg>
<doc>Selects a window as current context and sets focus to it.</doc>
<status status="NOT RUN" starttime="20220424 15:30:04.782" endtime="20220424 15:30:04.782"/>
</kw>
<kw name="Assert Text Field Value" library="Felix_test_cu">
<arg>Information</arg>
<arg>${MSG_CONNEXION}${ip}:${port}</arg>
<status status="NOT RUN" starttime="20220424 15:30:04.782" endtime="20220424 15:30:04.782"/>
</kw>
<status status="NOT RUN" starttime="20220424 15:30:04.782" endtime="20220424 15:30:04.782"/>
</branch>
<branch type="ELSE IF" condition="&quot;${ip}&quot; != &quot;${UNCHANGED}&quot; and &quot;${port}&quot; == &quot;${UNCHANGED}&quot;">
<kw name="Select Window" library="RemoteSwingLibrary">
<arg>Connexion</arg>
<doc>Selects a window as current context and sets focus to it.</doc>
<status status="PASS" starttime="20220424 15:30:04.782" endtime="20220424 15:30:04.788"/>
</kw>
<kw name="Assert Text Field Value" library="Felix_test_cu">
<arg>Information</arg>
<arg>${MSG_CONNEXION}${ip}:${PORT_CAMIX}</arg>
<kw name="Get Text Field Value" library="RemoteSwingLibrary">
<var>${value}</var>
<arg>${textfield}</arg>
<doc>Returns the value of a text component (e.g. text field, password field, text area).</doc>
<msg timestamp="20220424 15:30:04.797" level="INFO">${value} = Connexion au chat @127.0.0.1:12345</msg>
<status status="PASS" starttime="20220424 15:30:04.789" endtime="20220424 15:30:04.797"/>
</kw>
<kw name="Should Be Equal As Strings" library="BuiltIn">
<arg>${value}</arg>
<arg>${expectedValue}</arg>
<doc>Fails if objects are unequal after converting them to strings.</doc>
<status status="PASS" starttime="20220424 15:30:04.797" endtime="20220424 15:30:04.798"/>
</kw>
<status status="PASS" starttime="20220424 15:30:04.788" endtime="20220424 15:30:04.798"/>
</kw>
<status status="PASS" starttime="20220424 15:30:04.782" endtime="20220424 15:30:04.798"/>
</branch>
<branch type="ELSE IF" condition="&quot;${ip}&quot; == &quot;${UNCHANGED}&quot; and &quot;${port}&quot; != &quot;${UNCHANGED}&quot;">
<kw name="Select Window" library="RemoteSwingLibrary">
<arg>Connexion</arg>
<doc>Selects a window as current context and sets focus to it.</doc>
<status status="NOT RUN" starttime="20220424 15:30:04.798" endtime="20220424 15:30:04.798"/>
</kw>
<kw name="Assert Text Field Value" library="Felix_test_cu">
<arg>Information</arg>
<arg>${MSG_CONNEXION}${IP_CAMIX}:${port}</arg>
<status status="NOT RUN" starttime="20220424 15:30:04.798" endtime="20220424 15:30:04.798"/>
</kw>
<status status="NOT RUN" starttime="20220424 15:30:04.798" endtime="20220424 15:30:04.798"/>
</branch>
<branch type="ELSE IF" condition="&quot;${ip}&quot; == &quot;${UNCHANGED}&quot; and &quot;${port}&quot; == &quot;${UNCHANGED}&quot;">
<kw name="Select Window" library="RemoteSwingLibrary">
<arg>Connexion</arg>
<doc>Selects a window as current context and sets focus to it.</doc>
<status status="NOT RUN" starttime="20220424 15:30:04.798" endtime="20220424 15:30:04.798"/>
</kw>
<kw name="Assert Text Field Value" library="Felix_test_cu">
<arg>Information</arg>
<arg>${MSG_CONNEXION}${IP_CAMIX}:${PORT_CAMIX}</arg>
<status status="NOT RUN" starttime="20220424 15:30:04.798" endtime="20220424 15:30:04.798"/>
</kw>
<status status="NOT RUN" starttime="20220424 15:30:04.798" endtime="20220424 15:30:04.798"/>
</branch>
<status status="PASS" starttime="20220424 15:30:04.781" endtime="20220424 15:30:04.798"/>
</if>
<status status="PASS" starttime="20220424 15:30:04.781" endtime="20220424 15:30:04.799"/>
</kw>
<kw name="Felix affiche la vue chat" library="Felix_test_cu">
<kw name="Window Should Be Open" library="RemoteSwingLibrary">
<arg>Chat</arg>
<doc>Fails if the window is not open.</doc>
<status status="PASS" starttime="20220424 15:30:04.799" endtime="20220424 15:30:05.470"/>
</kw>
<status status="PASS" starttime="20220424 15:30:04.799" endtime="20220424 15:30:05.470"/>
</kw>
<kw name="Arrêt Felix" library="Felix_test_cu" type="TEARDOWN">
<kw name="Switch To Application" library="RemoteSwingLibrary">
<arg>Felix</arg>
<doc>Switches between applications that are known to RemoteSwingLibrary.
        The application is identified using the ``alias``.
        Subsequent keywords will be passed on to this application.</doc>
<status status="PASS" starttime="20220424 15:30:05.472" endtime="20220424 15:30:05.472"/>
</kw>
<kw name="System Exit" library="RemoteSwingLibrary">
<doc> Uses the RemoteSwingLibrary java agent to call system exit for the current java application.</doc>
<msg timestamp="20220424 15:30:08.196" level="INFO">Connection died as expected</msg>
<msg timestamp="20220424 15:30:08.197" level="INFO">Waiting for process to complete.</msg>
<msg timestamp="20220424 15:30:08.197" level="INFO">Process completed.</msg>
<status status="PASS" starttime="20220424 15:30:05.472" endtime="20220424 15:30:08.198"/>
</kw>
<kw name="Sleep" library="BuiltIn">
<arg>1s</arg>
<doc>Pauses the test executed for the given time.</doc>
<msg timestamp="20220424 15:30:09.209" level="INFO">Slept 1 second</msg>
<status status="PASS" starttime="20220424 15:30:08.198" endtime="20220424 15:30:09.209"/>
</kw>
<status status="PASS" starttime="20220424 15:30:05.470" endtime="20220424 15:30:09.209"/>
</kw>
<status status="PASS" starttime="20220424 15:29:59.279" endtime="20220424 15:30:09.209"/>
</kw>
<kw name="Entrer dans le chat [modification de l'IP][modification du port]">
<arg>${UNCHANGED}</arg>
<arg>${PORT_CAMIX}</arg>
<kw name="L'utilisateur lance l'exécution du composant Felix" library="Felix_test_cu">
<kw name="Start Application" library="RemoteSwingLibrary">
<arg>Felix</arg>
<arg>java -jar SUT/Felix-0.4.3.jar</arg>
<doc>Starts the process in the ``command`` parameter  on the host operating system.
        The given ``alias`` is stored to identify the started application in RemoteSwingLibrary.</doc>
<msg timestamp="20220424 15:30:09.212" level="INFO" html="true">&lt;a href="C:\Users\donov\Documents\cours\FIL1\qualité logicielle et méthode agile\Projet_Felix_SUARD_BRUN\TV_Felix\Report\20220424153009.remoteswinglibrary.out"&gt;Link to stdout&lt;/a&gt;</msg>
<msg timestamp="20220424 15:30:09.212" level="INFO" html="true">&lt;a href="C:\Users\donov\Documents\cours\FIL1\qualité logicielle et méthode agile\Projet_Felix_SUARD_BRUN\TV_Felix\Report\20220424153009.remoteswinglibrary.err"&gt;Link to stderr&lt;/a&gt;</msg>
<msg timestamp="20220424 15:30:09.212" level="INFO">-javaagent:"C:\Users\donov\Documents\cours\FIL1\qualité logicielle et méthode agile\Projet_Felix_SUARD_BRUN\TV_Felix\RobotFramework\remoteswinglibrary-2.3.0.jar"=127.0.0.1:50163</msg>
<msg timestamp="20220424 15:30:09.212" level="INFO">Java version &gt; 9: True</msg>
<msg timestamp="20220424 15:30:09.216" level="INFO">Starting process:
java -jar SUT/Felix-0.4.3.jar</msg>
<msg timestamp="20220424 15:30:11.818" level="INFO">connecting to started application at 127.0.0.1:50198</msg>
<msg timestamp="20220424 15:30:11.818" level="INFO">waiting for api at 127.0.0.1:50198</msg>
<msg timestamp="20220424 15:30:11.929" level="INFO">api is ready</msg>
<msg timestamp="20220424 15:30:11.930" level="INFO">connected to started application at 127.0.0.1:50198</msg>
<msg timestamp="20220424 15:30:11.930" level="INFO" html="true">&lt;b&gt;Messages by 'RemoteSwingLibrary registration server thread'&lt;/b&gt;</msg>
<status status="PASS" starttime="20220424 15:30:09.211" endtime="20220424 15:30:11.931"/>
</kw>
<kw name="Sleep" library="BuiltIn">
<arg>1s</arg>
<doc>Pauses the test executed for the given time.</doc>
<msg timestamp="20220424 15:30:12.938" level="INFO">Slept 1 second</msg>
<status status="PASS" starttime="20220424 15:30:11.931" endtime="20220424 15:30:12.938"/>
</kw>
<status status="PASS" starttime="20220424 15:30:09.210" endtime="20220424 15:30:12.939"/>
</kw>
<kw name="Felix affiche la vue connexion" library="Felix_test_cu">
<kw name="Window Should Be Open" library="RemoteSwingLibrary">
<arg>Connexion</arg>
<doc>Fails if the window is not open.</doc>
<status status="PASS" starttime="20220424 15:30:12.939" endtime="20220424 15:30:13.475"/>
</kw>
<status status="PASS" starttime="20220424 15:30:12.939" endtime="20220424 15:30:13.475"/>
</kw>
<kw name="L'utilisateur modifie l'adresse IP" library="Felix_test_cu">
<arg>${ip}</arg>
<if>
<branch type="IF" condition="&quot;${ip}&quot; != &quot;${UNCHANGED}&quot;">
<kw name="Select Window" library="RemoteSwingLibrary">
<arg>Connexion</arg>
<doc>Selects a window as current context and sets focus to it.</doc>
<status status="NOT RUN" starttime="20220424 15:30:13.475" endtime="20220424 15:30:13.475"/>
</kw>
<kw name="Clear Text Field" library="RemoteSwingLibrary">
<arg>IP</arg>
<doc>Clears contents of text component (e.g. text field, password field, text area).</doc>
<status status="NOT RUN" starttime="20220424 15:30:13.477" endtime="20220424 15:30:13.477"/>
</kw>
<kw name="Type Into Text Field" library="RemoteSwingLibrary">
<arg>IP</arg>
<arg>${ip}</arg>
<doc>Types text into a text component (e.g. text field, password field, text area).
Same as `Insert Into Textfield` but sends real key events when setting text field contents.
Useful if application expects real keyboard events instead of only setting the text of the textfield.</doc>
<status status="NOT RUN" starttime="20220424 15:30:13.477" endtime="20220424 15:30:13.477"/>
</kw>
<kw name="Sleep" library="BuiltIn">
<arg>1s</arg>
<doc>Pauses the test executed for the given time.</doc>
<status status="NOT RUN" starttime="20220424 15:30:13.477" endtime="20220424 15:30:13.477"/>
</kw>
<status status="NOT RUN" starttime="20220424 15:30:13.475" endtime="20220424 15:30:13.477"/>
</branch>
<status status="PASS" starttime="20220424 15:30:13.475" endtime="20220424 15:30:13.477"/>
</if>
<status status="PASS" starttime="20220424 15:30:13.475" endtime="20220424 15:30:13.477"/>
</kw>
<kw name="L'utilisateur modifie le port" library="Felix_test_cu">
<arg>${port}</arg>
<if>
<branch type="IF" condition="&quot;${port}&quot; != &quot;${UNCHANGED}&quot;">
<kw name="Select Window" library="RemoteSwingLibrary">
<arg>Connexion</arg>
<doc>Selects a window as current context and sets focus to it.</doc>
<status status="PASS" starttime="20220424 15:30:13.478" endtime="20220424 15:30:13.486"/>
</kw>
<kw name="Clear Text Field" library="RemoteSwingLibrary">
<arg>Port</arg>
<doc>Clears contents of text component (e.g. text field, password field, text area).</doc>
<status status="PASS" starttime="20220424 15:30:13.487" endtime="20220424 15:30:13.574"/>
</kw>
<kw name="Type Into Text Field" library="RemoteSwingLibrary">
<arg>Port</arg>
<arg>${port}</arg>
<doc>Types text into a text component (e.g. text field, password field, text area).
Same as `Insert Into Textfield` but sends real key events when setting text field contents.
Useful if application expects real keyboard events instead of only setting the text of the textfield.</doc>
<status status="PASS" starttime="20220424 15:30:13.575" endtime="20220424 15:30:13.604"/>
</kw>
<kw name="Sleep" library="BuiltIn">
<arg>1s</arg>
<doc>Pauses the test executed for the given time.</doc>
<msg timestamp="20220424 15:30:14.618" level="INFO">Slept 1 second</msg>
<status status="PASS" starttime="20220424 15:30:13.605" endtime="20220424 15:30:14.618"/>
</kw>
<status status="PASS" starttime="20220424 15:30:13.478" endtime="20220424 15:30:14.618"/>
</branch>
<status status="PASS" starttime="20220424 15:30:13.478" endtime="20220424 15:30:14.618"/>
</if>
<status status="PASS" starttime="20220424 15:30:13.477" endtime="20220424 15:30:14.618"/>
</kw>
<kw name="L'utilisateur demande à se connecter" library="Felix_test_cu">
<kw name="Select Window" library="RemoteSwingLibrary">
<arg>Connexion</arg>
<doc>Selects a window as current context and sets focus to it.</doc>
<status status="PASS" starttime="20220424 15:30:14.619" endtime="20220424 15:30:14.624"/>
</kw>
<kw name="Push Button" library="RemoteSwingLibrary">
<arg>Connexion</arg>
<doc>Uses current context to search for a button and when found, pushes it.</doc>
<status status="PASS" starttime="20220424 15:30:14.625" endtime="20220424 15:30:14.653"/>
</kw>
<status status="PASS" starttime="20220424 15:30:14.618" endtime="20220424 15:30:14.653"/>
</kw>
<kw name="Felix affiche un message de connexion" library="Felix_test_cu">
<arg>${ip}</arg>
<arg>${port}</arg>
<if>
<branch type="IF" condition="&quot;${ip}&quot; != &quot;${UNCHANGED}&quot; and &quot;${port}&quot; != &quot;${UNCHANGED}&quot;">
<kw name="Select Window" library="RemoteSwingLibrary">
<arg>Connexion</arg>
<doc>Selects a window as current context and sets focus to it.</doc>
<status status="NOT RUN" starttime="20220424 15:30:14.654" endtime="20220424 15:30:14.654"/>
</kw>
<kw name="Assert Text Field Value" library="Felix_test_cu">
<arg>Information</arg>
<arg>${MSG_CONNEXION}${ip}:${port}</arg>
<status status="NOT RUN" starttime="20220424 15:30:14.654" endtime="20220424 15:30:14.654"/>
</kw>
<status status="NOT RUN" starttime="20220424 15:30:14.654" endtime="20220424 15:30:14.654"/>
</branch>
<branch type="ELSE IF" condition="&quot;${ip}&quot; != &quot;${UNCHANGED}&quot; and &quot;${port}&quot; == &quot;${UNCHANGED}&quot;">
<kw name="Select Window" library="RemoteSwingLibrary">
<arg>Connexion</arg>
<doc>Selects a window as current context and sets focus to it.</doc>
<status status="NOT RUN" starttime="20220424 15:30:14.655" endtime="20220424 15:30:14.655"/>
</kw>
<kw name="Assert Text Field Value" library="Felix_test_cu">
<arg>Information</arg>
<arg>${MSG_CONNEXION}${ip}:${PORT_CAMIX}</arg>
<status status="NOT RUN" starttime="20220424 15:30:14.655" endtime="20220424 15:30:14.655"/>
</kw>
<status status="NOT RUN" starttime="20220424 15:30:14.655" endtime="20220424 15:30:14.655"/>
</branch>
<branch type="ELSE IF" condition="&quot;${ip}&quot; == &quot;${UNCHANGED}&quot; and &quot;${port}&quot; != &quot;${UNCHANGED}&quot;">
<kw name="Select Window" library="RemoteSwingLibrary">
<arg>Connexion</arg>
<doc>Selects a window as current context and sets focus to it.</doc>
<status status="PASS" starttime="20220424 15:30:14.655" endtime="20220424 15:30:14.660"/>
</kw>
<kw name="Assert Text Field Value" library="Felix_test_cu">
<arg>Information</arg>
<arg>${MSG_CONNEXION}${IP_CAMIX}:${port}</arg>
<kw name="Get Text Field Value" library="RemoteSwingLibrary">
<var>${value}</var>
<arg>${textfield}</arg>
<doc>Returns the value of a text component (e.g. text field, password field, text area).</doc>
<msg timestamp="20220424 15:30:14.670" level="INFO">${value} = Connexion au chat @127.0.0.1:12345</msg>
<status status="PASS" starttime="20220424 15:30:14.661" endtime="20220424 15:30:14.670"/>
</kw>
<kw name="Should Be Equal As Strings" library="BuiltIn">
<arg>${value}</arg>
<arg>${expectedValue}</arg>
<doc>Fails if objects are unequal after converting them to strings.</doc>
<status status="PASS" starttime="20220424 15:30:14.670" endtime="20220424 15:30:14.671"/>
</kw>
<status status="PASS" starttime="20220424 15:30:14.661" endtime="20220424 15:30:14.671"/>
</kw>
<status status="PASS" starttime="20220424 15:30:14.655" endtime="20220424 15:30:14.671"/>
</branch>
<branch type="ELSE IF" condition="&quot;${ip}&quot; == &quot;${UNCHANGED}&quot; and &quot;${port}&quot; == &quot;${UNCHANGED}&quot;">
<kw name="Select Window" library="RemoteSwingLibrary">
<arg>Connexion</arg>
<doc>Selects a window as current context and sets focus to it.</doc>
<status status="NOT RUN" starttime="20220424 15:30:14.671" endtime="20220424 15:30:14.671"/>
</kw>
<kw name="Assert Text Field Value" library="Felix_test_cu">
<arg>Information</arg>
<arg>${MSG_CONNEXION}${IP_CAMIX}:${PORT_CAMIX}</arg>
<status status="NOT RUN" starttime="20220424 15:30:14.671" endtime="20220424 15:30:14.671"/>
</kw>
<status status="NOT RUN" starttime="20220424 15:30:14.671" endtime="20220424 15:30:14.671"/>
</branch>
<status status="PASS" starttime="20220424 15:30:14.654" endtime="20220424 15:30:14.671"/>
</if>
<status status="PASS" starttime="20220424 15:30:14.653" endtime="20220424 15:30:14.671"/>
</kw>
<kw name="Felix affiche la vue chat" library="Felix_test_cu">
<kw name="Window Should Be Open" library="RemoteSwingLibrary">
<arg>Chat</arg>
<doc>Fails if the window is not open.</doc>
<status status="PASS" starttime="20220424 15:30:14.672" endtime="20220424 15:30:15.314"/>
</kw>
<status status="PASS" starttime="20220424 15:30:14.671" endtime="20220424 15:30:15.314"/>
</kw>
<kw name="Arrêt Felix" library="Felix_test_cu" type="TEARDOWN">
<kw name="Switch To Application" library="RemoteSwingLibrary">
<arg>Felix</arg>
<doc>Switches between applications that are known to RemoteSwingLibrary.
        The application is identified using the ``alias``.
        Subsequent keywords will be passed on to this application.</doc>
<status status="PASS" starttime="20220424 15:30:15.315" endtime="20220424 15:30:15.315"/>
</kw>
<kw name="System Exit" library="RemoteSwingLibrary">
<doc> Uses the RemoteSwingLibrary java agent to call system exit for the current java application.</doc>
<msg timestamp="20220424 15:30:18.027" level="INFO">Connection died as expected</msg>
<msg timestamp="20220424 15:30:18.028" level="INFO">Waiting for process to complete.</msg>
<msg timestamp="20220424 15:30:18.029" level="INFO">Process completed.</msg>
<status status="PASS" starttime="20220424 15:30:15.316" endtime="20220424 15:30:18.029"/>
</kw>
<kw name="Sleep" library="BuiltIn">
<arg>1s</arg>
<doc>Pauses the test executed for the given time.</doc>
<msg timestamp="20220424 15:30:19.042" level="INFO">Slept 1 second</msg>
<status status="PASS" starttime="20220424 15:30:18.029" endtime="20220424 15:30:19.042"/>
</kw>
<status status="PASS" starttime="20220424 15:30:15.315" endtime="20220424 15:30:19.042"/>
</kw>
<status status="PASS" starttime="20220424 15:30:09.209" endtime="20220424 15:30:19.042"/>
</kw>
<kw name="Entrer dans le chat [modification de l'IP][modification du port]">
<arg>${IP_CAMIX}</arg>
<arg>${PORT_CAMIX}</arg>
<kw name="L'utilisateur lance l'exécution du composant Felix" library="Felix_test_cu">
<kw name="Start Application" library="RemoteSwingLibrary">
<arg>Felix</arg>
<arg>java -jar SUT/Felix-0.4.3.jar</arg>
<doc>Starts the process in the ``command`` parameter  on the host operating system.
        The given ``alias`` is stored to identify the started application in RemoteSwingLibrary.</doc>
<msg timestamp="20220424 15:30:19.045" level="INFO" html="true">&lt;a href="C:\Users\donov\Documents\cours\FIL1\qualité logicielle et méthode agile\Projet_Felix_SUARD_BRUN\TV_Felix\Report\20220424153019.remoteswinglibrary.out"&gt;Link to stdout&lt;/a&gt;</msg>
<msg timestamp="20220424 15:30:19.046" level="INFO" html="true">&lt;a href="C:\Users\donov\Documents\cours\FIL1\qualité logicielle et méthode agile\Projet_Felix_SUARD_BRUN\TV_Felix\Report\20220424153019.remoteswinglibrary.err"&gt;Link to stderr&lt;/a&gt;</msg>
<msg timestamp="20220424 15:30:19.046" level="INFO">-javaagent:"C:\Users\donov\Documents\cours\FIL1\qualité logicielle et méthode agile\Projet_Felix_SUARD_BRUN\TV_Felix\RobotFramework\remoteswinglibrary-2.3.0.jar"=127.0.0.1:50163</msg>
<msg timestamp="20220424 15:30:19.046" level="INFO">Java version &gt; 9: True</msg>
<msg timestamp="20220424 15:30:19.050" level="INFO">Starting process:
java -jar SUT/Felix-0.4.3.jar</msg>
<msg timestamp="20220424 15:30:21.686" level="INFO">connecting to started application at 127.0.0.1:50213</msg>
<msg timestamp="20220424 15:30:21.686" level="INFO">waiting for api at 127.0.0.1:50213</msg>
<msg timestamp="20220424 15:30:21.792" level="INFO">api is ready</msg>
<msg timestamp="20220424 15:30:21.792" level="INFO">connected to started application at 127.0.0.1:50213</msg>
<msg timestamp="20220424 15:30:21.793" level="INFO" html="true">&lt;b&gt;Messages by 'RemoteSwingLibrary registration server thread'&lt;/b&gt;</msg>
<status status="PASS" starttime="20220424 15:30:19.045" endtime="20220424 15:30:21.793"/>
</kw>
<kw name="Sleep" library="BuiltIn">
<arg>1s</arg>
<doc>Pauses the test executed for the given time.</doc>
<msg timestamp="20220424 15:30:22.801" level="INFO">Slept 1 second</msg>
<status status="PASS" starttime="20220424 15:30:21.793" endtime="20220424 15:30:22.801"/>
</kw>
<status status="PASS" starttime="20220424 15:30:19.044" endtime="20220424 15:30:22.801"/>
</kw>
<kw name="Felix affiche la vue connexion" library="Felix_test_cu">
<kw name="Window Should Be Open" library="RemoteSwingLibrary">
<arg>Connexion</arg>
<doc>Fails if the window is not open.</doc>
<status status="PASS" starttime="20220424 15:30:22.801" endtime="20220424 15:30:23.333"/>
</kw>
<status status="PASS" starttime="20220424 15:30:22.801" endtime="20220424 15:30:23.333"/>
</kw>
<kw name="L'utilisateur modifie l'adresse IP" library="Felix_test_cu">
<arg>${ip}</arg>
<if>
<branch type="IF" condition="&quot;${ip}&quot; != &quot;${UNCHANGED}&quot;">
<kw name="Select Window" library="RemoteSwingLibrary">
<arg>Connexion</arg>
<doc>Selects a window as current context and sets focus to it.</doc>
<status status="PASS" starttime="20220424 15:30:23.334" endtime="20220424 15:30:23.343"/>
</kw>
<kw name="Clear Text Field" library="RemoteSwingLibrary">
<arg>IP</arg>
<doc>Clears contents of text component (e.g. text field, password field, text area).</doc>
<status status="PASS" starttime="20220424 15:30:23.344" endtime="20220424 15:30:23.431"/>
</kw>
<kw name="Type Into Text Field" library="RemoteSwingLibrary">
<arg>IP</arg>
<arg>${ip}</arg>
<doc>Types text into a text component (e.g. text field, password field, text area).
Same as `Insert Into Textfield` but sends real key events when setting text field contents.
Useful if application expects real keyboard events instead of only setting the text of the textfield.</doc>
<status status="PASS" starttime="20220424 15:30:23.431" endtime="20220424 15:30:23.462"/>
</kw>
<kw name="Sleep" library="BuiltIn">
<arg>1s</arg>
<doc>Pauses the test executed for the given time.</doc>
<msg timestamp="20220424 15:30:24.476" level="INFO">Slept 1 second</msg>
<status status="PASS" starttime="20220424 15:30:23.463" endtime="20220424 15:30:24.476"/>
</kw>
<status status="PASS" starttime="20220424 15:30:23.334" endtime="20220424 15:30:24.476"/>
</branch>
<status status="PASS" starttime="20220424 15:30:23.334" endtime="20220424 15:30:24.476"/>
</if>
<status status="PASS" starttime="20220424 15:30:23.334" endtime="20220424 15:30:24.477"/>
</kw>
<kw name="L'utilisateur modifie le port" library="Felix_test_cu">
<arg>${port}</arg>
<if>
<branch type="IF" condition="&quot;${port}&quot; != &quot;${UNCHANGED}&quot;">
<kw name="Select Window" library="RemoteSwingLibrary">
<arg>Connexion</arg>
<doc>Selects a window as current context and sets focus to it.</doc>
<status status="PASS" starttime="20220424 15:30:24.478" endtime="20220424 15:30:24.485"/>
</kw>
<kw name="Clear Text Field" library="RemoteSwingLibrary">
<arg>Port</arg>
<doc>Clears contents of text component (e.g. text field, password field, text area).</doc>
<status status="PASS" starttime="20220424 15:30:24.486" endtime="20220424 15:30:24.524"/>
</kw>
<kw name="Type Into Text Field" library="RemoteSwingLibrary">
<arg>Port</arg>
<arg>${port}</arg>
<doc>Types text into a text component (e.g. text field, password field, text area).
Same as `Insert Into Textfield` but sends real key events when setting text field contents.
Useful if application expects real keyboard events instead of only setting the text of the textfield.</doc>
<status status="PASS" starttime="20220424 15:30:24.525" endtime="20220424 15:30:24.555"/>
</kw>
<kw name="Sleep" library="BuiltIn">
<arg>1s</arg>
<doc>Pauses the test executed for the given time.</doc>
<msg timestamp="20220424 15:30:25.565" level="INFO">Slept 1 second</msg>
<status status="PASS" starttime="20220424 15:30:24.555" endtime="20220424 15:30:25.565"/>
</kw>
<status status="PASS" starttime="20220424 15:30:24.478" endtime="20220424 15:30:25.565"/>
</branch>
<status status="PASS" starttime="20220424 15:30:24.477" endtime="20220424 15:30:25.566"/>
</if>
<status status="PASS" starttime="20220424 15:30:24.477" endtime="20220424 15:30:25.566"/>
</kw>
<kw name="L'utilisateur demande à se connecter" library="Felix_test_cu">
<kw name="Select Window" library="RemoteSwingLibrary">
<arg>Connexion</arg>
<doc>Selects a window as current context and sets focus to it.</doc>
<status status="PASS" starttime="20220424 15:30:25.567" endtime="20220424 15:30:25.578"/>
</kw>
<kw name="Push Button" library="RemoteSwingLibrary">
<arg>Connexion</arg>
<doc>Uses current context to search for a button and when found, pushes it.</doc>
<status status="PASS" starttime="20220424 15:30:25.579" endtime="20220424 15:30:25.615"/>
</kw>
<status status="PASS" starttime="20220424 15:30:25.566" endtime="20220424 15:30:25.615"/>
</kw>
<kw name="Felix affiche un message de connexion" library="Felix_test_cu">
<arg>${ip}</arg>
<arg>${port}</arg>
<if>
<branch type="IF" condition="&quot;${ip}&quot; != &quot;${UNCHANGED}&quot; and &quot;${port}&quot; != &quot;${UNCHANGED}&quot;">
<kw name="Select Window" library="RemoteSwingLibrary">
<arg>Connexion</arg>
<doc>Selects a window as current context and sets focus to it.</doc>
<status status="PASS" starttime="20220424 15:30:25.617" endtime="20220424 15:30:25.622"/>
</kw>
<kw name="Assert Text Field Value" library="Felix_test_cu">
<arg>Information</arg>
<arg>${MSG_CONNEXION}${ip}:${port}</arg>
<kw name="Get Text Field Value" library="RemoteSwingLibrary">
<var>${value}</var>
<arg>${textfield}</arg>
<doc>Returns the value of a text component (e.g. text field, password field, text area).</doc>
<msg timestamp="20220424 15:30:25.636" level="INFO">${value} = Connexion au chat @127.0.0.1:12345</msg>
<status status="PASS" starttime="20220424 15:30:25.624" endtime="20220424 15:30:25.636"/>
</kw>
<kw name="Should Be Equal As Strings" library="BuiltIn">
<arg>${value}</arg>
<arg>${expectedValue}</arg>
<doc>Fails if objects are unequal after converting them to strings.</doc>
<status status="PASS" starttime="20220424 15:30:25.637" endtime="20220424 15:30:25.637"/>
</kw>
<status status="PASS" starttime="20220424 15:30:25.623" endtime="20220424 15:30:25.638"/>
</kw>
<status status="PASS" starttime="20220424 15:30:25.617" endtime="20220424 15:30:25.638"/>
</branch>
<branch type="ELSE IF" condition="&quot;${ip}&quot; != &quot;${UNCHANGED}&quot; and &quot;${port}&quot; == &quot;${UNCHANGED}&quot;">
<kw name="Select Window" library="RemoteSwingLibrary">
<arg>Connexion</arg>
<doc>Selects a window as current context and sets focus to it.</doc>
<status status="NOT RUN" starttime="20220424 15:30:25.638" endtime="20220424 15:30:25.638"/>
</kw>
<kw name="Assert Text Field Value" library="Felix_test_cu">
<arg>Information</arg>
<arg>${MSG_CONNEXION}${ip}:${PORT_CAMIX}</arg>
<status status="NOT RUN" starttime="20220424 15:30:25.638" endtime="20220424 15:30:25.638"/>
</kw>
<status status="NOT RUN" starttime="20220424 15:30:25.638" endtime="20220424 15:30:25.638"/>
</branch>
<branch type="ELSE IF" condition="&quot;${ip}&quot; == &quot;${UNCHANGED}&quot; and &quot;${port}&quot; != &quot;${UNCHANGED}&quot;">
<kw name="Select Window" library="RemoteSwingLibrary">
<arg>Connexion</arg>
<doc>Selects a window as current context and sets focus to it.</doc>
<status status="NOT RUN" starttime="20220424 15:30:25.639" endtime="20220424 15:30:25.639"/>
</kw>
<kw name="Assert Text Field Value" library="Felix_test_cu">
<arg>Information</arg>
<arg>${MSG_CONNEXION}${IP_CAMIX}:${port}</arg>
<status status="NOT RUN" starttime="20220424 15:30:25.639" endtime="20220424 15:30:25.639"/>
</kw>
<status status="NOT RUN" starttime="20220424 15:30:25.639" endtime="20220424 15:30:25.639"/>
</branch>
<branch type="ELSE IF" condition="&quot;${ip}&quot; == &quot;${UNCHANGED}&quot; and &quot;${port}&quot; == &quot;${UNCHANGED}&quot;">
<kw name="Select Window" library="RemoteSwingLibrary">
<arg>Connexion</arg>
<doc>Selects a window as current context and sets focus to it.</doc>
<status status="NOT RUN" starttime="20220424 15:30:25.639" endtime="20220424 15:30:25.639"/>
</kw>
<kw name="Assert Text Field Value" library="Felix_test_cu">
<arg>Information</arg>
<arg>${MSG_CONNEXION}${IP_CAMIX}:${PORT_CAMIX}</arg>
<status status="NOT RUN" starttime="20220424 15:30:25.639" endtime="20220424 15:30:25.640"/>
</kw>
<status status="NOT RUN" starttime="20220424 15:30:25.639" endtime="20220424 15:30:25.640"/>
</branch>
<status status="PASS" starttime="20220424 15:30:25.616" endtime="20220424 15:30:25.640"/>
</if>
<status status="PASS" starttime="20220424 15:30:25.615" endtime="20220424 15:30:25.640"/>
</kw>
<kw name="Felix affiche la vue chat" library="Felix_test_cu">
<kw name="Window Should Be Open" library="RemoteSwingLibrary">
<arg>Chat</arg>
<doc>Fails if the window is not open.</doc>
<status status="PASS" starttime="20220424 15:30:25.640" endtime="20220424 15:30:26.319"/>
</kw>
<status status="PASS" starttime="20220424 15:30:25.640" endtime="20220424 15:30:26.320"/>
</kw>
<kw name="Arrêt Felix" library="Felix_test_cu" type="TEARDOWN">
<kw name="Switch To Application" library="RemoteSwingLibrary">
<arg>Felix</arg>
<doc>Switches between applications that are known to RemoteSwingLibrary.
        The application is identified using the ``alias``.
        Subsequent keywords will be passed on to this application.</doc>
<status status="PASS" starttime="20220424 15:30:26.322" endtime="20220424 15:30:26.322"/>
</kw>
<kw name="System Exit" library="RemoteSwingLibrary">
<doc> Uses the RemoteSwingLibrary java agent to call system exit for the current java application.</doc>
<msg timestamp="20220424 15:30:29.034" level="INFO">Connection died as expected</msg>
<msg timestamp="20220424 15:30:29.036" level="INFO">Waiting for process to complete.</msg>
<msg timestamp="20220424 15:30:29.036" level="INFO">Process completed.</msg>
<status status="PASS" starttime="20220424 15:30:26.323" endtime="20220424 15:30:29.036"/>
</kw>
<kw name="Sleep" library="BuiltIn">
<arg>1s</arg>
<doc>Pauses the test executed for the given time.</doc>
<msg timestamp="20220424 15:30:30.048" level="INFO">Slept 1 second</msg>
<status status="PASS" starttime="20220424 15:30:29.036" endtime="20220424 15:30:30.048"/>
</kw>
<status status="PASS" starttime="20220424 15:30:26.320" endtime="20220424 15:30:30.049"/>
</kw>
<status status="PASS" starttime="20220424 15:30:19.042" endtime="20220424 15:30:30.049"/>
</kw>
<status status="PASS" starttime="20220424 15:29:59.278" endtime="20220424 15:30:30.050"/>
</test>
<test id="s1-t4" name="Entrer dans le chat [connexion impossible]" line="23">
<kw name="Entrer dans le chat [connexion impossible]">
<arg>192.168.1.1</arg>
<arg>${UNCHANGED}</arg>
<kw name="L'utilisateur lance l'exécution du composant Felix" library="Felix_test_cu">
<kw name="Start Application" library="RemoteSwingLibrary">
<arg>Felix</arg>
<arg>java -jar SUT/Felix-0.4.3.jar</arg>
<doc>Starts the process in the ``command`` parameter  on the host operating system.
        The given ``alias`` is stored to identify the started application in RemoteSwingLibrary.</doc>
<msg timestamp="20220424 15:30:30.054" level="INFO" html="true">&lt;a href="C:\Users\donov\Documents\cours\FIL1\qualité logicielle et méthode agile\Projet_Felix_SUARD_BRUN\TV_Felix\Report\20220424153030.remoteswinglibrary.out"&gt;Link to stdout&lt;/a&gt;</msg>
<msg timestamp="20220424 15:30:30.054" level="INFO" html="true">&lt;a href="C:\Users\donov\Documents\cours\FIL1\qualité logicielle et méthode agile\Projet_Felix_SUARD_BRUN\TV_Felix\Report\20220424153030.remoteswinglibrary.err"&gt;Link to stderr&lt;/a&gt;</msg>
<msg timestamp="20220424 15:30:30.054" level="INFO">-javaagent:"C:\Users\donov\Documents\cours\FIL1\qualité logicielle et méthode agile\Projet_Felix_SUARD_BRUN\TV_Felix\RobotFramework\remoteswinglibrary-2.3.0.jar"=127.0.0.1:50163</msg>
<msg timestamp="20220424 15:30:30.054" level="INFO">Java version &gt; 9: True</msg>
<msg timestamp="20220424 15:30:30.058" level="INFO">Starting process:
java -jar SUT/Felix-0.4.3.jar</msg>
<msg timestamp="20220424 15:30:32.671" level="INFO">connecting to started application at 127.0.0.1:50231</msg>
<msg timestamp="20220424 15:30:32.671" level="INFO">waiting for api at 127.0.0.1:50231</msg>
<msg timestamp="20220424 15:30:32.770" level="INFO">api is ready</msg>
<msg timestamp="20220424 15:30:32.770" level="INFO">connected to started application at 127.0.0.1:50231</msg>
<msg timestamp="20220424 15:30:32.771" level="INFO" html="true">&lt;b&gt;Messages by 'RemoteSwingLibrary registration server thread'&lt;/b&gt;</msg>
<status status="PASS" starttime="20220424 15:30:30.053" endtime="20220424 15:30:32.772"/>
</kw>
<kw name="Sleep" library="BuiltIn">
<arg>1s</arg>
<doc>Pauses the test executed for the given time.</doc>
<msg timestamp="20220424 15:30:33.772" level="INFO">Slept 1 second</msg>
<status status="PASS" starttime="20220424 15:30:32.772" endtime="20220424 15:30:33.772"/>
</kw>
<status status="PASS" starttime="20220424 15:30:30.052" endtime="20220424 15:30:33.773"/>
</kw>
<kw name="Felix affiche la vue connexion" library="Felix_test_cu">
<kw name="Window Should Be Open" library="RemoteSwingLibrary">
<arg>Connexion</arg>
<doc>Fails if the window is not open.</doc>
<status status="PASS" starttime="20220424 15:30:33.773" endtime="20220424 15:30:34.312"/>
</kw>
<status status="PASS" starttime="20220424 15:30:33.773" endtime="20220424 15:30:34.312"/>
</kw>
<kw name="L'utilisateur modifie l'adresse IP" library="Felix_test_cu">
<arg>${ip}</arg>
<if>
<branch type="IF" condition="&quot;${ip}&quot; != &quot;${UNCHANGED}&quot;">
<kw name="Select Window" library="RemoteSwingLibrary">
<arg>Connexion</arg>
<doc>Selects a window as current context and sets focus to it.</doc>
<status status="PASS" starttime="20220424 15:30:34.312" endtime="20220424 15:30:34.321"/>
</kw>
<kw name="Clear Text Field" library="RemoteSwingLibrary">
<arg>IP</arg>
<doc>Clears contents of text component (e.g. text field, password field, text area).</doc>
<status status="PASS" starttime="20220424 15:30:34.322" endtime="20220424 15:30:34.403"/>
</kw>
<kw name="Type Into Text Field" library="RemoteSwingLibrary">
<arg>IP</arg>
<arg>${ip}</arg>
<doc>Types text into a text component (e.g. text field, password field, text area).
Same as `Insert Into Textfield` but sends real key events when setting text field contents.
Useful if application expects real keyboard events instead of only setting the text of the textfield.</doc>
<status status="PASS" starttime="20220424 15:30:34.403" endtime="20220424 15:30:34.432"/>
</kw>
<kw name="Sleep" library="BuiltIn">
<arg>1s</arg>
<doc>Pauses the test executed for the given time.</doc>
<msg timestamp="20220424 15:30:35.442" level="INFO">Slept 1 second</msg>
<status status="PASS" starttime="20220424 15:30:34.432" endtime="20220424 15:30:35.442"/>
</kw>
<status status="PASS" starttime="20220424 15:30:34.312" endtime="20220424 15:30:35.442"/>
</branch>
<status status="PASS" starttime="20220424 15:30:34.312" endtime="20220424 15:30:35.442"/>
</if>
<status status="PASS" starttime="20220424 15:30:34.312" endtime="20220424 15:30:35.442"/>
</kw>
<kw name="L'utilisateur modifie le port" library="Felix_test_cu">
<arg>${port}</arg>
<if>
<branch type="IF" condition="&quot;${port}&quot; != &quot;${UNCHANGED}&quot;">
<kw name="Select Window" library="RemoteSwingLibrary">
<arg>Connexion</arg>
<doc>Selects a window as current context and sets focus to it.</doc>
<status status="NOT RUN" starttime="20220424 15:30:35.443" endtime="20220424 15:30:35.443"/>
</kw>
<kw name="Clear Text Field" library="RemoteSwingLibrary">
<arg>Port</arg>
<doc>Clears contents of text component (e.g. text field, password field, text area).</doc>
<status status="NOT RUN" starttime="20220424 15:30:35.443" endtime="20220424 15:30:35.443"/>
</kw>
<kw name="Type Into Text Field" library="RemoteSwingLibrary">
<arg>Port</arg>
<arg>${port}</arg>
<doc>Types text into a text component (e.g. text field, password field, text area).
Same as `Insert Into Textfield` but sends real key events when setting text field contents.
Useful if application expects real keyboard events instead of only setting the text of the textfield.</doc>
<status status="NOT RUN" starttime="20220424 15:30:35.443" endtime="20220424 15:30:35.443"/>
</kw>
<kw name="Sleep" library="BuiltIn">
<arg>1s</arg>
<doc>Pauses the test executed for the given time.</doc>
<status status="NOT RUN" starttime="20220424 15:30:35.443" endtime="20220424 15:30:35.443"/>
</kw>
<status status="NOT RUN" starttime="20220424 15:30:35.443" endtime="20220424 15:30:35.443"/>
</branch>
<status status="PASS" starttime="20220424 15:30:35.443" endtime="20220424 15:30:35.443"/>
</if>
<status status="PASS" starttime="20220424 15:30:35.442" endtime="20220424 15:30:35.443"/>
</kw>
<kw name="L'utilisateur demande à se connecter" library="Felix_test_cu">
<kw name="Select Window" library="RemoteSwingLibrary">
<arg>Connexion</arg>
<doc>Selects a window as current context and sets focus to it.</doc>
<status status="PASS" starttime="20220424 15:30:35.444" endtime="20220424 15:30:35.449"/>
</kw>
<kw name="Push Button" library="RemoteSwingLibrary">
<arg>Connexion</arg>
<doc>Uses current context to search for a button and when found, pushes it.</doc>
<status status="PASS" starttime="20220424 15:30:35.450" endtime="20220424 15:30:35.481"/>
</kw>
<status status="PASS" starttime="20220424 15:30:35.443" endtime="20220424 15:30:35.481"/>
</kw>
<kw name="Felix affiche un message de connexion" library="Felix_test_cu">
<arg>${ip}</arg>
<arg>${port}</arg>
<if>
<branch type="IF" condition="&quot;${ip}&quot; != &quot;${UNCHANGED}&quot; and &quot;${port}&quot; != &quot;${UNCHANGED}&quot;">
<kw name="Select Window" library="RemoteSwingLibrary">
<arg>Connexion</arg>
<doc>Selects a window as current context and sets focus to it.</doc>
<status status="NOT RUN" starttime="20220424 15:30:35.482" endtime="20220424 15:30:35.482"/>
</kw>
<kw name="Assert Text Field Value" library="Felix_test_cu">
<arg>Information</arg>
<arg>${MSG_CONNEXION}${ip}:${port}</arg>
<status status="NOT RUN" starttime="20220424 15:30:35.482" endtime="20220424 15:30:35.482"/>
</kw>
<status status="NOT RUN" starttime="20220424 15:30:35.482" endtime="20220424 15:30:35.482"/>
</branch>
<branch type="ELSE IF" condition="&quot;${ip}&quot; != &quot;${UNCHANGED}&quot; and &quot;${port}&quot; == &quot;${UNCHANGED}&quot;">
<kw name="Select Window" library="RemoteSwingLibrary">
<arg>Connexion</arg>
<doc>Selects a window as current context and sets focus to it.</doc>
<status status="PASS" starttime="20220424 15:30:35.483" endtime="20220424 15:30:35.489"/>
</kw>
<kw name="Assert Text Field Value" library="Felix_test_cu">
<arg>Information</arg>
<arg>${MSG_CONNEXION}${ip}:${PORT_CAMIX}</arg>
<kw name="Get Text Field Value" library="RemoteSwingLibrary">
<var>${value}</var>
<arg>${textfield}</arg>
<doc>Returns the value of a text component (e.g. text field, password field, text area).</doc>
<msg timestamp="20220424 15:30:35.498" level="INFO">${value} = Connexion au chat @192.168.1.1:12345</msg>
<status status="PASS" starttime="20220424 15:30:35.490" endtime="20220424 15:30:35.498"/>
</kw>
<kw name="Should Be Equal As Strings" library="BuiltIn">
<arg>${value}</arg>
<arg>${expectedValue}</arg>
<doc>Fails if objects are unequal after converting them to strings.</doc>
<status status="PASS" starttime="20220424 15:30:35.499" endtime="20220424 15:30:35.499"/>
</kw>
<status status="PASS" starttime="20220424 15:30:35.489" endtime="20220424 15:30:35.499"/>
</kw>
<status status="PASS" starttime="20220424 15:30:35.483" endtime="20220424 15:30:35.499"/>
</branch>
<branch type="ELSE IF" condition="&quot;${ip}&quot; == &quot;${UNCHANGED}&quot; and &quot;${port}&quot; != &quot;${UNCHANGED}&quot;">
<kw name="Select Window" library="RemoteSwingLibrary">
<arg>Connexion</arg>
<doc>Selects a window as current context and sets focus to it.</doc>
<status status="NOT RUN" starttime="20220424 15:30:35.499" endtime="20220424 15:30:35.499"/>
</kw>
<kw name="Assert Text Field Value" library="Felix_test_cu">
<arg>Information</arg>
<arg>${MSG_CONNEXION}${IP_CAMIX}:${port}</arg>
<status status="NOT RUN" starttime="20220424 15:30:35.499" endtime="20220424 15:30:35.499"/>
</kw>
<status status="NOT RUN" starttime="20220424 15:30:35.499" endtime="20220424 15:30:35.499"/>
</branch>
<branch type="ELSE IF" condition="&quot;${ip}&quot; == &quot;${UNCHANGED}&quot; and &quot;${port}&quot; == &quot;${UNCHANGED}&quot;">
<kw name="Select Window" library="RemoteSwingLibrary">
<arg>Connexion</arg>
<doc>Selects a window as current context and sets focus to it.</doc>
<status status="NOT RUN" starttime="20220424 15:30:35.500" endtime="20220424 15:30:35.500"/>
</kw>
<kw name="Assert Text Field Value" library="Felix_test_cu">
<arg>Information</arg>
<arg>${MSG_CONNEXION}${IP_CAMIX}:${PORT_CAMIX}</arg>
<status status="NOT RUN" starttime="20220424 15:30:35.500" endtime="20220424 15:30:35.500"/>
</kw>
<status status="NOT RUN" starttime="20220424 15:30:35.500" endtime="20220424 15:30:35.500"/>
</branch>
<status status="PASS" starttime="20220424 15:30:35.482" endtime="20220424 15:30:35.500"/>
</if>
<status status="PASS" starttime="20220424 15:30:35.482" endtime="20220424 15:30:35.500"/>
</kw>
<kw name="Felix affiche un message de connexion impossible. Va en 3" library="Felix_test_cu">
<arg>${ip}</arg>
<arg>${port}</arg>
<if>
<branch type="IF" condition="&quot;${ip}&quot; != &quot;${UNCHANGED}&quot; and &quot;${port}&quot; != &quot;${UNCHANGED}&quot;">
<kw name="Select Window" library="RemoteSwingLibrary">
<arg>Connexion</arg>
<doc>Selects a window as current context and sets focus to it.</doc>
<status status="NOT RUN" starttime="20220424 15:30:35.500" endtime="20220424 15:30:35.500"/>
</kw>
<kw name="Sleep" library="BuiltIn">
<arg>4s</arg>
<doc>Pauses the test executed for the given time.</doc>
<status status="NOT RUN" starttime="20220424 15:30:35.501" endtime="20220424 15:30:35.501"/>
</kw>
<kw name="Assert Text Field Value" library="Felix_test_cu">
<arg>Information</arg>
<arg>${MSG_CONNEXION}${ip}:${port} ${MSG_CONNEXION_IMPOSSIBLE}</arg>
<status status="NOT RUN" starttime="20220424 15:30:35.501" endtime="20220424 15:30:35.501"/>
</kw>
<status status="NOT RUN" starttime="20220424 15:30:35.500" endtime="20220424 15:30:35.501"/>
</branch>
<branch type="ELSE IF" condition="&quot;${ip}&quot; != &quot;${UNCHANGED}&quot; and &quot;${port}&quot; == &quot;${UNCHANGED}&quot;">
<kw name="Select Window" library="RemoteSwingLibrary">
<arg>Connexion</arg>
<doc>Selects a window as current context and sets focus to it.</doc>
<status status="PASS" starttime="20220424 15:30:35.501" endtime="20220424 15:30:35.507"/>
</kw>
<kw name="Sleep" library="BuiltIn">
<arg>4s</arg>
<doc>Pauses the test executed for the given time.</doc>
<msg timestamp="20220424 15:30:39.508" level="INFO">Slept 4 seconds</msg>
<status status="PASS" starttime="20220424 15:30:35.507" endtime="20220424 15:30:39.508"/>
</kw>
<kw name="Assert Text Field Value" library="Felix_test_cu">
<arg>Information</arg>
<arg>${MSG_CONNEXION}${ip}:${PORT_CAMIX} ${MSG_CONNEXION_IMPOSSIBLE}</arg>
<kw name="Get Text Field Value" library="RemoteSwingLibrary">
<var>${value}</var>
<arg>${textfield}</arg>
<doc>Returns the value of a text component (e.g. text field, password field, text area).</doc>
<msg timestamp="20220424 15:30:39.517" level="INFO">${value} = Connexion au chat @192.168.1.1:12345 impossible</msg>
<status status="PASS" starttime="20220424 15:30:39.509" endtime="20220424 15:30:39.517"/>
</kw>
<kw name="Should Be Equal As Strings" library="BuiltIn">
<arg>${value}</arg>
<arg>${expectedValue}</arg>
<doc>Fails if objects are unequal after converting them to strings.</doc>
<status status="PASS" starttime="20220424 15:30:39.517" endtime="20220424 15:30:39.518"/>
</kw>
<status status="PASS" starttime="20220424 15:30:39.508" endtime="20220424 15:30:39.518"/>
</kw>
<status status="PASS" starttime="20220424 15:30:35.501" endtime="20220424 15:30:39.518"/>
</branch>
<branch type="ELSE IF" condition="&quot;${ip}&quot; == &quot;${UNCHANGED}&quot; and &quot;${port}&quot; != &quot;${UNCHANGED}&quot;">
<kw name="Select Window" library="RemoteSwingLibrary">
<arg>Connexion</arg>
<doc>Selects a window as current context and sets focus to it.</doc>
<status status="NOT RUN" starttime="20220424 15:30:39.518" endtime="20220424 15:30:39.518"/>
</kw>
<kw name="Sleep" library="BuiltIn">
<arg>4s</arg>
<doc>Pauses the test executed for the given time.</doc>
<status status="NOT RUN" starttime="20220424 15:30:39.518" endtime="20220424 15:30:39.519"/>
</kw>
<kw name="Assert Text Field Value" library="Felix_test_cu">
<arg>Information</arg>
<arg>${MSG_CONNEXION}${IP_CAMIX}:${port} ${MSG_CONNEXION_IMPOSSIBLE}</arg>
<status status="NOT RUN" starttime="20220424 15:30:39.519" endtime="20220424 15:30:39.519"/>
</kw>
<status status="NOT RUN" starttime="20220424 15:30:39.518" endtime="20220424 15:30:39.519"/>
</branch>
<branch type="ELSE IF" condition="&quot;${ip}&quot; == &quot;${UNCHANGED}&quot; and &quot;${port}&quot; == &quot;${UNCHANGED}&quot;">
<kw name="Select Window" library="RemoteSwingLibrary">
<arg>Connexion</arg>
<doc>Selects a window as current context and sets focus to it.</doc>
<status status="NOT RUN" starttime="20220424 15:30:39.519" endtime="20220424 15:30:39.519"/>
</kw>
<kw name="Sleep" library="BuiltIn">
<arg>4s</arg>
<doc>Pauses the test executed for the given time.</doc>
<status status="NOT RUN" starttime="20220424 15:30:39.519" endtime="20220424 15:30:39.519"/>
</kw>
<kw name="Assert Text Field Value" library="Felix_test_cu">
<arg>Information</arg>
<arg>${MSG_CONNEXION}${IP_CAMIX}:${PORT_CAMIX} ${MSG_CONNEXION_IMPOSSIBLE}</arg>
<status status="NOT RUN" starttime="20220424 15:30:39.520" endtime="20220424 15:30:39.520"/>
</kw>
<status status="NOT RUN" starttime="20220424 15:30:39.519" endtime="20220424 15:30:39.520"/>
</branch>
<status status="PASS" starttime="20220424 15:30:35.500" endtime="20220424 15:30:39.520"/>
</if>
<status status="PASS" starttime="20220424 15:30:35.500" endtime="20220424 15:30:39.520"/>
</kw>
<kw name="Arrêt Felix" library="Felix_test_cu" type="TEARDOWN">
<kw name="Switch To Application" library="RemoteSwingLibrary">
<arg>Felix</arg>
<doc>Switches between applications that are known to RemoteSwingLibrary.
        The application is identified using the ``alias``.
        Subsequent keywords will be passed on to this application.</doc>
<status status="PASS" starttime="20220424 15:30:39.521" endtime="20220424 15:30:39.521"/>
</kw>
<kw name="System Exit" library="RemoteSwingLibrary">
<doc> Uses the RemoteSwingLibrary java agent to call system exit for the current java application.</doc>
<msg timestamp="20220424 15:30:42.237" level="INFO">Connection died as expected</msg>
<msg timestamp="20220424 15:30:42.238" level="INFO">Waiting for process to complete.</msg>
<msg timestamp="20220424 15:30:42.239" level="INFO">Process completed.</msg>
<status status="PASS" starttime="20220424 15:30:39.521" endtime="20220424 15:30:42.239"/>
</kw>
<kw name="Sleep" library="BuiltIn">
<arg>1s</arg>
<doc>Pauses the test executed for the given time.</doc>
<msg timestamp="20220424 15:30:43.253" level="INFO">Slept 1 second</msg>
<status status="PASS" starttime="20220424 15:30:42.239" endtime="20220424 15:30:43.253"/>
</kw>
<status status="PASS" starttime="20220424 15:30:39.520" endtime="20220424 15:30:43.254"/>
</kw>
<status status="PASS" starttime="20220424 15:30:30.051" endtime="20220424 15:30:43.254"/>
</kw>
<kw name="Entrer dans le chat [connexion impossible]">
<arg>${UNCHANGED}</arg>
<arg>420</arg>
<kw name="L'utilisateur lance l'exécution du composant Felix" library="Felix_test_cu">
<kw name="Start Application" library="RemoteSwingLibrary">
<arg>Felix</arg>
<arg>java -jar SUT/Felix-0.4.3.jar</arg>
<doc>Starts the process in the ``command`` parameter  on the host operating system.
        The given ``alias`` is stored to identify the started application in RemoteSwingLibrary.</doc>
<msg timestamp="20220424 15:30:43.258" level="INFO" html="true">&lt;a href="C:\Users\donov\Documents\cours\FIL1\qualité logicielle et méthode agile\Projet_Felix_SUARD_BRUN\TV_Felix\Report\20220424153043.remoteswinglibrary.out"&gt;Link to stdout&lt;/a&gt;</msg>
<msg timestamp="20220424 15:30:43.258" level="INFO" html="true">&lt;a href="C:\Users\donov\Documents\cours\FIL1\qualité logicielle et méthode agile\Projet_Felix_SUARD_BRUN\TV_Felix\Report\20220424153043.remoteswinglibrary.err"&gt;Link to stderr&lt;/a&gt;</msg>
<msg timestamp="20220424 15:30:43.258" level="INFO">-javaagent:"C:\Users\donov\Documents\cours\FIL1\qualité logicielle et méthode agile\Projet_Felix_SUARD_BRUN\TV_Felix\RobotFramework\remoteswinglibrary-2.3.0.jar"=127.0.0.1:50163</msg>
<msg timestamp="20220424 15:30:43.258" level="INFO">Java version &gt; 9: True</msg>
<msg timestamp="20220424 15:30:43.263" level="INFO">Starting process:
java -jar SUT/Felix-0.4.3.jar</msg>
<msg timestamp="20220424 15:30:45.880" level="INFO">connecting to started application at 127.0.0.1:50247</msg>
<msg timestamp="20220424 15:30:45.880" level="INFO">waiting for api at 127.0.0.1:50247</msg>
<msg timestamp="20220424 15:30:45.980" level="INFO">api is ready</msg>
<msg timestamp="20220424 15:30:45.980" level="INFO">connected to started application at 127.0.0.1:50247</msg>
<msg timestamp="20220424 15:30:45.981" level="INFO" html="true">&lt;b&gt;Messages by 'RemoteSwingLibrary registration server thread'&lt;/b&gt;</msg>
<status status="PASS" starttime="20220424 15:30:43.257" endtime="20220424 15:30:45.981"/>
</kw>
<kw name="Sleep" library="BuiltIn">
<arg>1s</arg>
<doc>Pauses the test executed for the given time.</doc>
<msg timestamp="20220424 15:30:46.991" level="INFO">Slept 1 second</msg>
<status status="PASS" starttime="20220424 15:30:45.981" endtime="20220424 15:30:46.991"/>
</kw>
<status status="PASS" starttime="20220424 15:30:43.256" endtime="20220424 15:30:46.992"/>
</kw>
<kw name="Felix affiche la vue connexion" library="Felix_test_cu">
<kw name="Window Should Be Open" library="RemoteSwingLibrary">
<arg>Connexion</arg>
<doc>Fails if the window is not open.</doc>
<status status="PASS" starttime="20220424 15:30:46.992" endtime="20220424 15:30:47.536"/>
</kw>
<status status="PASS" starttime="20220424 15:30:46.992" endtime="20220424 15:30:47.536"/>
</kw>
<kw name="L'utilisateur modifie l'adresse IP" library="Felix_test_cu">
<arg>${ip}</arg>
<if>
<branch type="IF" condition="&quot;${ip}&quot; != &quot;${UNCHANGED}&quot;">
<kw name="Select Window" library="RemoteSwingLibrary">
<arg>Connexion</arg>
<doc>Selects a window as current context and sets focus to it.</doc>
<status status="NOT RUN" starttime="20220424 15:30:47.537" endtime="20220424 15:30:47.537"/>
</kw>
<kw name="Clear Text Field" library="RemoteSwingLibrary">
<arg>IP</arg>
<doc>Clears contents of text component (e.g. text field, password field, text area).</doc>
<status status="NOT RUN" starttime="20220424 15:30:47.537" endtime="20220424 15:30:47.537"/>
</kw>
<kw name="Type Into Text Field" library="RemoteSwingLibrary">
<arg>IP</arg>
<arg>${ip}</arg>
<doc>Types text into a text component (e.g. text field, password field, text area).
Same as `Insert Into Textfield` but sends real key events when setting text field contents.
Useful if application expects real keyboard events instead of only setting the text of the textfield.</doc>
<status status="NOT RUN" starttime="20220424 15:30:47.537" endtime="20220424 15:30:47.537"/>
</kw>
<kw name="Sleep" library="BuiltIn">
<arg>1s</arg>
<doc>Pauses the test executed for the given time.</doc>
<status status="NOT RUN" starttime="20220424 15:30:47.538" endtime="20220424 15:30:47.538"/>
</kw>
<status status="NOT RUN" starttime="20220424 15:30:47.537" endtime="20220424 15:30:47.538"/>
</branch>
<status status="PASS" starttime="20220424 15:30:47.537" endtime="20220424 15:30:47.538"/>
</if>
<status status="PASS" starttime="20220424 15:30:47.536" endtime="20220424 15:30:47.538"/>
</kw>
<kw name="L'utilisateur modifie le port" library="Felix_test_cu">
<arg>${port}</arg>
<if>
<branch type="IF" condition="&quot;${port}&quot; != &quot;${UNCHANGED}&quot;">
<kw name="Select Window" library="RemoteSwingLibrary">
<arg>Connexion</arg>
<doc>Selects a window as current context and sets focus to it.</doc>
<status status="PASS" starttime="20220424 15:30:47.539" endtime="20220424 15:30:47.547"/>
</kw>
<kw name="Clear Text Field" library="RemoteSwingLibrary">
<arg>Port</arg>
<doc>Clears contents of text component (e.g. text field, password field, text area).</doc>
<status status="PASS" starttime="20220424 15:30:47.547" endtime="20220424 15:30:47.625"/>
</kw>
<kw name="Type Into Text Field" library="RemoteSwingLibrary">
<arg>Port</arg>
<arg>${port}</arg>
<doc>Types text into a text component (e.g. text field, password field, text area).
Same as `Insert Into Textfield` but sends real key events when setting text field contents.
Useful if application expects real keyboard events instead of only setting the text of the textfield.</doc>
<status status="PASS" starttime="20220424 15:30:47.625" endtime="20220424 15:30:47.656"/>
</kw>
<kw name="Sleep" library="BuiltIn">
<arg>1s</arg>
<doc>Pauses the test executed for the given time.</doc>
<msg timestamp="20220424 15:30:48.658" level="INFO">Slept 1 second</msg>
<status status="PASS" starttime="20220424 15:30:47.656" endtime="20220424 15:30:48.658"/>
</kw>
<status status="PASS" starttime="20220424 15:30:47.538" endtime="20220424 15:30:48.658"/>
</branch>
<status status="PASS" starttime="20220424 15:30:47.538" endtime="20220424 15:30:48.658"/>
</if>
<status status="PASS" starttime="20220424 15:30:47.538" endtime="20220424 15:30:48.658"/>
</kw>
<kw name="L'utilisateur demande à se connecter" library="Felix_test_cu">
<kw name="Select Window" library="RemoteSwingLibrary">
<arg>Connexion</arg>
<doc>Selects a window as current context and sets focus to it.</doc>
<status status="PASS" starttime="20220424 15:30:48.659" endtime="20220424 15:30:48.666"/>
</kw>
<kw name="Push Button" library="RemoteSwingLibrary">
<arg>Connexion</arg>
<doc>Uses current context to search for a button and when found, pushes it.</doc>
<status status="PASS" starttime="20220424 15:30:48.666" endtime="20220424 15:30:48.703"/>
</kw>
<status status="PASS" starttime="20220424 15:30:48.658" endtime="20220424 15:30:48.704"/>
</kw>
<kw name="Felix affiche un message de connexion" library="Felix_test_cu">
<arg>${ip}</arg>
<arg>${port}</arg>
<if>
<branch type="IF" condition="&quot;${ip}&quot; != &quot;${UNCHANGED}&quot; and &quot;${port}&quot; != &quot;${UNCHANGED}&quot;">
<kw name="Select Window" library="RemoteSwingLibrary">
<arg>Connexion</arg>
<doc>Selects a window as current context and sets focus to it.</doc>
<status status="NOT RUN" starttime="20220424 15:30:48.704" endtime="20220424 15:30:48.705"/>
</kw>
<kw name="Assert Text Field Value" library="Felix_test_cu">
<arg>Information</arg>
<arg>${MSG_CONNEXION}${ip}:${port}</arg>
<status status="NOT RUN" starttime="20220424 15:30:48.705" endtime="20220424 15:30:48.705"/>
</kw>
<status status="NOT RUN" starttime="20220424 15:30:48.704" endtime="20220424 15:30:48.705"/>
</branch>
<branch type="ELSE IF" condition="&quot;${ip}&quot; != &quot;${UNCHANGED}&quot; and &quot;${port}&quot; == &quot;${UNCHANGED}&quot;">
<kw name="Select Window" library="RemoteSwingLibrary">
<arg>Connexion</arg>
<doc>Selects a window as current context and sets focus to it.</doc>
<status status="NOT RUN" starttime="20220424 15:30:48.705" endtime="20220424 15:30:48.705"/>
</kw>
<kw name="Assert Text Field Value" library="Felix_test_cu">
<arg>Information</arg>
<arg>${MSG_CONNEXION}${ip}:${PORT_CAMIX}</arg>
<status status="NOT RUN" starttime="20220424 15:30:48.705" endtime="20220424 15:30:48.705"/>
</kw>
<status status="NOT RUN" starttime="20220424 15:30:48.705" endtime="20220424 15:30:48.705"/>
</branch>
<branch type="ELSE IF" condition="&quot;${ip}&quot; == &quot;${UNCHANGED}&quot; and &quot;${port}&quot; != &quot;${UNCHANGED}&quot;">
<kw name="Select Window" library="RemoteSwingLibrary">
<arg>Connexion</arg>
<doc>Selects a window as current context and sets focus to it.</doc>
<status status="PASS" starttime="20220424 15:30:48.705" endtime="20220424 15:30:48.710"/>
</kw>
<kw name="Assert Text Field Value" library="Felix_test_cu">
<arg>Information</arg>
<arg>${MSG_CONNEXION}${IP_CAMIX}:${port}</arg>
<kw name="Get Text Field Value" library="RemoteSwingLibrary">
<var>${value}</var>
<arg>${textfield}</arg>
<doc>Returns the value of a text component (e.g. text field, password field, text area).</doc>
<msg timestamp="20220424 15:30:48.720" level="INFO">${value} = Connexion au chat @127.0.0.1:420</msg>
<status status="PASS" starttime="20220424 15:30:48.711" endtime="20220424 15:30:48.720"/>
</kw>
<kw name="Should Be Equal As Strings" library="BuiltIn">
<arg>${value}</arg>
<arg>${expectedValue}</arg>
<doc>Fails if objects are unequal after converting them to strings.</doc>
<status status="PASS" starttime="20220424 15:30:48.720" endtime="20220424 15:30:48.720"/>
</kw>
<status status="PASS" starttime="20220424 15:30:48.711" endtime="20220424 15:30:48.721"/>
</kw>
<status status="PASS" starttime="20220424 15:30:48.705" endtime="20220424 15:30:48.721"/>
</branch>
<branch type="ELSE IF" condition="&quot;${ip}&quot; == &quot;${UNCHANGED}&quot; and &quot;${port}&quot; == &quot;${UNCHANGED}&quot;">
<kw name="Select Window" library="RemoteSwingLibrary">
<arg>Connexion</arg>
<doc>Selects a window as current context and sets focus to it.</doc>
<status status="NOT RUN" starttime="20220424 15:30:48.721" endtime="20220424 15:30:48.721"/>
</kw>
[...]
</if>
<status status="FAIL" starttime="20220424 15:32:12.958" endtime="20220424 15:32:17.006"/>
</kw>
<kw name="Arrêt Felix" library="Felix_test_cu" type="TEARDOWN">
<kw name="Switch To Application" library="RemoteSwingLibrary">
<arg>Felix</arg>
<doc>Switches between applications that are known to RemoteSwingLibrary.
        The application is identified using the ``alias``.
        Subsequent keywords will be passed on to this application.</doc>
<status status="PASS" starttime="20220424 15:32:17.007" endtime="20220424 15:32:17.007"/>
</kw>
<kw name="System Exit" library="RemoteSwingLibrary">
<doc> Uses the RemoteSwingLibrary java agent to call system exit for the current java application.</doc>
<msg timestamp="20220424 15:32:19.740" level="INFO">Connection died as expected</msg>
<msg timestamp="20220424 15:32:19.740" level="INFO">Waiting for process to complete.</msg>
<msg timestamp="20220424 15:32:19.741" level="INFO">Process completed.</msg>
<status status="PASS" starttime="20220424 15:32:17.007" endtime="20220424 15:32:19.741"/>
</kw>
<kw name="Sleep" library="BuiltIn">
<arg>1s</arg>
<doc>Pauses the test executed for the given time.</doc>
<msg timestamp="20220424 15:32:20.751" level="INFO">Slept 1 second</msg>
<status status="PASS" starttime="20220424 15:32:19.741" endtime="20220424 15:32:20.751"/>
</kw>
<status status="PASS" starttime="20220424 15:32:17.007" endtime="20220424 15:32:20.752"/>
</kw>
<status status="FAIL" starttime="20220424 15:32:07.500" endtime="20220424 15:32:20.752"/>
</kw>
<status status="FAIL" starttime="20220424 15:31:27.866" endtime="20220424 15:32:20.753">Connexion au chat @127.0.0.1:111111 != Connexion au chat @127.0.0.1:111111 impossible</status>
</test>
<test id="s1-t7" name="Entrer dans le chat [changement de l'ip et du port pendant la connexion]" line="40">
<kw name="Entrer dans le chat [changement de l'ip et du port pendant la connexion]">
<arg>localhost</arg>
<arg>420</arg>
<kw name="L'utilisateur lance l'exécution du composant Felix" library="Felix_test_cu">
<kw name="Start Application" library="RemoteSwingLibrary">
<arg>Felix</arg>
<arg>java -jar SUT/Felix-0.4.3.jar</arg>
<doc>Starts the process in the ``command`` parameter  on the host operating system.
        The given ``alias`` is stored to identify the started application in RemoteSwingLibrary.</doc>
<msg timestamp="20220424 15:32:20.757" level="INFO" html="true">&lt;a href="C:\Users\donov\Documents\cours\FIL1\qualité logicielle et méthode agile\Projet_Felix_SUARD_BRUN\TV_Felix\Report\20220424153220.remoteswinglibrary.out"&gt;Link to stdout&lt;/a&gt;</msg>
<msg timestamp="20220424 15:32:20.758" level="INFO" html="true">&lt;a href="C:\Users\donov\Documents\cours\FIL1\qualité logicielle et méthode agile\Projet_Felix_SUARD_BRUN\TV_Felix\Report\20220424153220.remoteswinglibrary.err"&gt;Link to stderr&lt;/a&gt;</msg>
<msg timestamp="20220424 15:32:20.758" level="INFO">-javaagent:"C:\Users\donov\Documents\cours\FIL1\qualité logicielle et méthode agile\Projet_Felix_SUARD_BRUN\TV_Felix\RobotFramework\remoteswinglibrary-2.3.0.jar"=127.0.0.1:50163</msg>
<msg timestamp="20220424 15:32:20.758" level="INFO">Java version &gt; 9: True</msg>
<msg timestamp="20220424 15:32:20.762" level="INFO">Starting process:
java -jar SUT/Felix-0.4.3.jar</msg>
<msg timestamp="20220424 15:32:23.388" level="INFO">connecting to started application at 127.0.0.1:50369</msg>
<msg timestamp="20220424 15:32:23.388" level="INFO">waiting for api at 127.0.0.1:50369</msg>
<msg timestamp="20220424 15:32:23.487" level="INFO">api is ready</msg>
<msg timestamp="20220424 15:32:23.487" level="INFO">connected to started application at 127.0.0.1:50369</msg>
<msg timestamp="20220424 15:32:23.487" level="INFO" html="true">&lt;b&gt;Messages by 'RemoteSwingLibrary registration server thread'&lt;/b&gt;</msg>
<status status="PASS" starttime="20220424 15:32:20.756" endtime="20220424 15:32:23.487"/>
</kw>
<kw name="Sleep" library="BuiltIn">
<arg>1s</arg>
<doc>Pauses the test executed for the given time.</doc>
<msg timestamp="20220424 15:32:24.500" level="INFO">Slept 1 second</msg>
<status status="PASS" starttime="20220424 15:32:23.488" endtime="20220424 15:32:24.500"/>
</kw>
<status status="PASS" starttime="20220424 15:32:20.756" endtime="20220424 15:32:24.501"/>
</kw>
<kw name="Felix affiche la vue connexion" library="Felix_test_cu">
<kw name="Window Should Be Open" library="RemoteSwingLibrary">
<arg>Connexion</arg>
<doc>Fails if the window is not open.</doc>
<status status="PASS" starttime="20220424 15:32:24.501" endtime="20220424 15:32:25.019"/>
</kw>
<status status="PASS" starttime="20220424 15:32:24.501" endtime="20220424 15:32:25.020"/>
</kw>
<kw name="L'utilisateur modifie l'adresse IP" library="Felix_test_cu">
<arg>${ip}</arg>
<if>
<branch type="IF" condition="&quot;${ip}&quot; != &quot;${UNCHANGED}&quot;">
<kw name="Select Window" library="RemoteSwingLibrary">
<arg>Connexion</arg>
<doc>Selects a window as current context and sets focus to it.</doc>
<status status="PASS" starttime="20220424 15:32:25.021" endtime="20220424 15:32:25.029"/>
</kw>
<kw name="Clear Text Field" library="RemoteSwingLibrary">
<arg>IP</arg>
<doc>Clears contents of text component (e.g. text field, password field, text area).</doc>
<status status="PASS" starttime="20220424 15:32:25.029" endtime="20220424 15:32:25.116"/>
</kw>
<kw name="Type Into Text Field" library="RemoteSwingLibrary">
<arg>IP</arg>
<arg>${ip}</arg>
<doc>Types text into a text component (e.g. text field, password field, text area).
Same as `Insert Into Textfield` but sends real key events when setting text field contents.
Useful if application expects real keyboard events instead of only setting the text of the textfield.</doc>
<status status="PASS" starttime="20220424 15:32:25.116" endtime="20220424 15:32:25.147"/>
</kw>
<kw name="Sleep" library="BuiltIn">
<arg>1s</arg>
<doc>Pauses the test executed for the given time.</doc>
<msg timestamp="20220424 15:32:26.153" level="INFO">Slept 1 second</msg>
<status status="PASS" starttime="20220424 15:32:25.147" endtime="20220424 15:32:26.154"/>
</kw>
<status status="PASS" starttime="20220424 15:32:25.021" endtime="20220424 15:32:26.154"/>
</branch>
<status status="PASS" starttime="20220424 15:32:25.020" endtime="20220424 15:32:26.154"/>
</if>
<status status="PASS" starttime="20220424 15:32:25.020" endtime="20220424 15:32:26.154"/>
</kw>
<kw name="L'utilisateur modifie le port" library="Felix_test_cu">
<arg>${port}</arg>
<if>
<branch type="IF" condition="&quot;${port}&quot; != &quot;${UNCHANGED}&quot;">
<kw name="Select Window" library="RemoteSwingLibrary">
<arg>Connexion</arg>
<doc>Selects a window as current context and sets focus to it.</doc>
<status status="PASS" starttime="20220424 15:32:26.156" endtime="20220424 15:32:26.168"/>
</kw>
<kw name="Clear Text Field" library="RemoteSwingLibrary">
<arg>Port</arg>
<doc>Clears contents of text component (e.g. text field, password field, text area).</doc>
<status status="PASS" starttime="20220424 15:32:26.169" endtime="20220424 15:32:26.203"/>
</kw>
<kw name="Type Into Text Field" library="RemoteSwingLibrary">
<arg>Port</arg>
<arg>${port}</arg>
<doc>Types text into a text component (e.g. text field, password field, text area).
Same as `Insert Into Textfield` but sends real key events when setting text field contents.
Useful if application expects real keyboard events instead of only setting the text of the textfield.</doc>
<status status="PASS" starttime="20220424 15:32:26.203" endtime="20220424 15:32:26.233"/>
</kw>
<kw name="Sleep" library="BuiltIn">
<arg>1s</arg>
<doc>Pauses the test executed for the given time.</doc>
<msg timestamp="20220424 15:32:27.244" level="INFO">Slept 1 second</msg>
<status status="PASS" starttime="20220424 15:32:26.234" endtime="20220424 15:32:27.245"/>
</kw>
<status status="PASS" starttime="20220424 15:32:26.156" endtime="20220424 15:32:27.245"/>
</branch>
<status status="PASS" starttime="20220424 15:32:26.156" endtime="20220424 15:32:27.245"/>
</if>
<status status="PASS" starttime="20220424 15:32:26.155" endtime="20220424 15:32:27.245"/>
</kw>
<kw name="L'utilisateur demande à se connecter" library="Felix_test_cu">
<kw name="Select Window" library="RemoteSwingLibrary">
<arg>Connexion</arg>
<doc>Selects a window as current context and sets focus to it.</doc>
<status status="PASS" starttime="20220424 15:32:27.246" endtime="20220424 15:32:27.255"/>
</kw>
<kw name="Push Button" library="RemoteSwingLibrary">
<arg>Connexion</arg>
<doc>Uses current context to search for a button and when found, pushes it.</doc>
<status status="PASS" starttime="20220424 15:32:27.255" endtime="20220424 15:32:27.293"/>
</kw>
<status status="PASS" starttime="20220424 15:32:27.246" endtime="20220424 15:32:27.293"/>
</kw>
<kw name="L'utilisateur modifie l'adresse IP" library="Felix_test_cu">
<arg>${IP_CAMIX}</arg>
<if>
<branch type="IF" condition="&quot;${ip}&quot; != &quot;${UNCHANGED}&quot;">
<kw name="Select Window" library="RemoteSwingLibrary">
<arg>Connexion</arg>
<doc>Selects a window as current context and sets focus to it.</doc>
<status status="PASS" starttime="20220424 15:32:27.295" endtime="20220424 15:32:27.300"/>
</kw>
<kw name="Clear Text Field" library="RemoteSwingLibrary">
<arg>IP</arg>
<doc>Clears contents of text component (e.g. text field, password field, text area).</doc>
<status status="PASS" starttime="20220424 15:32:27.300" endtime="20220424 15:32:27.322"/>
</kw>
<kw name="Type Into Text Field" library="RemoteSwingLibrary">
<arg>IP</arg>
<arg>${ip}</arg>
<doc>Types text into a text component (e.g. text field, password field, text area).
Same as `Insert Into Textfield` but sends real key events when setting text field contents.
Useful if application expects real keyboard events instead of only setting the text of the textfield.</doc>
<status status="PASS" starttime="20220424 15:32:27.322" endtime="20220424 15:32:27.353"/>
</kw>
<kw name="Sleep" library="BuiltIn">
<arg>1s</arg>
<doc>Pauses the test executed for the given time.</doc>
<msg timestamp="20220424 15:32:28.363" level="INFO">Slept 1 second</msg>
<status status="PASS" starttime="20220424 15:32:27.354" endtime="20220424 15:32:28.363"/>
</kw>
<status status="PASS" starttime="20220424 15:32:27.295" endtime="20220424 15:32:28.364"/>
</branch>
<status status="PASS" starttime="20220424 15:32:27.295" endtime="20220424 15:32:28.364"/>
</if>
<status status="PASS" starttime="20220424 15:32:27.293" endtime="20220424 15:32:28.364"/>
</kw>
<kw name="L'utilisateur modifie le port" library="Felix_test_cu">
<arg>${PORT_CAMIX}</arg>
<if>
<branch type="IF" condition="&quot;${port}&quot; != &quot;${UNCHANGED}&quot;">
<kw name="Select Window" library="RemoteSwingLibrary">
<arg>Connexion</arg>
<doc>Selects a window as current context and sets focus to it.</doc>
<status status="PASS" starttime="20220424 15:32:28.366" endtime="20220424 15:32:28.378"/>
</kw>
<kw name="Clear Text Field" library="RemoteSwingLibrary">
<arg>Port</arg>
<doc>Clears contents of text component (e.g. text field, password field, text area).</doc>
<status status="PASS" starttime="20220424 15:32:28.378" endtime="20220424 15:32:28.412"/>
</kw>
<kw name="Type Into Text Field" library="RemoteSwingLibrary">
<arg>Port</arg>
<arg>${port}</arg>
<doc>Types text into a text component (e.g. text field, password field, text area).
Same as `Insert Into Textfield` but sends real key events when setting text field contents.
Useful if application expects real keyboard events instead of only setting the text of the textfield.</doc>
<status status="PASS" starttime="20220424 15:32:28.412" endtime="20220424 15:32:28.444"/>
</kw>
<kw name="Sleep" library="BuiltIn">
<arg>1s</arg>
<doc>Pauses the test executed for the given time.</doc>
<msg timestamp="20220424 15:32:29.457" level="INFO">Slept 1 second</msg>
<status status="PASS" starttime="20220424 15:32:28.444" endtime="20220424 15:32:29.457"/>
</kw>
<status status="PASS" starttime="20220424 15:32:28.366" endtime="20220424 15:32:29.458"/>
</branch>
<status status="PASS" starttime="20220424 15:32:28.365" endtime="20220424 15:32:29.458"/>
</if>
<status status="PASS" starttime="20220424 15:32:28.364" endtime="20220424 15:32:29.458"/>
</kw>
<kw name="Felix affiche un message de connexion impossible. Va en 3" library="Felix_test_cu">
<arg>${ip}</arg>
<arg>${port}</arg>
<if>
<branch type="IF" condition="&quot;${ip}&quot; != &quot;${UNCHANGED}&quot; and &quot;${port}&quot; != &quot;${UNCHANGED}&quot;">
<kw name="Select Window" library="RemoteSwingLibrary">
<arg>Connexion</arg>
<doc>Selects a window as current context and sets focus to it.</doc>
<status status="PASS" starttime="20220424 15:32:29.460" endtime="20220424 15:32:29.469"/>
</kw>
<kw name="Sleep" library="BuiltIn">
<arg>4s</arg>
<doc>Pauses the test executed for the given time.</doc>
<msg timestamp="20220424 15:32:33.478" level="INFO">Slept 4 seconds</msg>
<status status="PASS" starttime="20220424 15:32:29.470" endtime="20220424 15:32:33.478"/>
</kw>
<kw name="Assert Text Field Value" library="Felix_test_cu">
<arg>Information</arg>
<arg>${MSG_CONNEXION}${ip}:${port} ${MSG_CONNEXION_IMPOSSIBLE}</arg>
<kw name="Get Text Field Value" library="RemoteSwingLibrary">
<var>${value}</var>
<arg>${textfield}</arg>
<doc>Returns the value of a text component (e.g. text field, password field, text area).</doc>
<msg timestamp="20220424 15:32:33.500" level="INFO">${value} = Connexion au chat @127.0.0.1:420 impossible</msg>
<status status="PASS" starttime="20220424 15:32:33.480" endtime="20220424 15:32:33.500"/>
</kw>
<kw name="Should Be Equal As Strings" library="BuiltIn">
<arg>${value}</arg>
<arg>${expectedValue}</arg>
<doc>Fails if objects are unequal after converting them to strings.</doc>
<msg timestamp="20220424 15:32:33.501" level="FAIL">Connexion au chat @127.0.0.1:420 impossible != Connexion au chat @localhost:420 impossible</msg>
<status status="FAIL" starttime="20220424 15:32:33.500" endtime="20220424 15:32:33.501"/>
</kw>
<status status="FAIL" starttime="20220424 15:32:33.479" endtime="20220424 15:32:33.503"/>
</kw>
<status status="FAIL" starttime="20220424 15:32:29.459" endtime="20220424 15:32:33.504"/>
</branch>
<branch type="ELSE IF" condition="&quot;${ip}&quot; != &quot;${UNCHANGED}&quot; and &quot;${port}&quot; == &quot;${UNCHANGED}&quot;">
<kw name="Select Window" library="RemoteSwingLibrary">
<arg>Connexion</arg>
<doc>Selects a window as current context and sets focus to it.</doc>
<status status="NOT RUN" starttime="20220424 15:32:33.504" endtime="20220424 15:32:33.504"/>
</kw>
<kw name="Sleep" library="BuiltIn">
<arg>4s</arg>
<doc>Pauses the test executed for the given time.</doc>
<status status="NOT RUN" starttime="20220424 15:32:33.504" endtime="20220424 15:32:33.504"/>
</kw>
<kw name="Assert Text Field Value" library="Felix_test_cu">
<arg>Information</arg>
<arg>${MSG_CONNEXION}${ip}:${PORT_CAMIX} ${MSG_CONNEXION_IMPOSSIBLE}</arg>
<status status="NOT RUN" starttime="20220424 15:32:33.505" endtime="20220424 15:32:33.505"/>
</kw>
<status status="NOT RUN" starttime="20220424 15:32:33.504" endtime="20220424 15:32:33.505"/>
</branch>
<branch type="ELSE IF" condition="&quot;${ip}&quot; == &quot;${UNCHANGED}&quot; and &quot;${port}&quot; != &quot;${UNCHANGED}&quot;">
<kw name="Select Window" library="RemoteSwingLibrary">
<arg>Connexion</arg>
<doc>Selects a window as current context and sets focus to it.</doc>
<status status="NOT RUN" starttime="20220424 15:32:33.505" endtime="20220424 15:32:33.505"/>
</kw>
<kw name="Sleep" library="BuiltIn">
<arg>4s</arg>
<doc>Pauses the test executed for the given time.</doc>
<status status="NOT RUN" starttime="20220424 15:32:33.505" endtime="20220424 15:32:33.505"/>
</kw>
<kw name="Assert Text Field Value" library="Felix_test_cu">
<arg>Information</arg>
<arg>${MSG_CONNEXION}${IP_CAMIX}:${port} ${MSG_CONNEXION_IMPOSSIBLE}</arg>
<status status="NOT RUN" starttime="20220424 15:32:33.505" endtime="20220424 15:32:33.505"/>
</kw>
<status status="NOT RUN" starttime="20220424 15:32:33.505" endtime="20220424 15:32:33.506"/>
</branch>
<branch type="ELSE IF" condition="&quot;${ip}&quot; == &quot;${UNCHANGED}&quot; and &quot;${port}&quot; == &quot;${UNCHANGED}&quot;">
<kw name="Select Window" library="RemoteSwingLibrary">
<arg>Connexion</arg>
<doc>Selects a window as current context and sets focus to it.</doc>
<status status="NOT RUN" starttime="20220424 15:32:33.506" endtime="20220424 15:32:33.506"/>
</kw>
<kw name="Sleep" library="BuiltIn">
<arg>4s</arg>
<doc>Pauses the test executed for the given time.</doc>
<status status="NOT RUN" starttime="20220424 15:32:33.506" endtime="20220424 15:32:33.506"/>
</kw>
<kw name="Assert Text Field Value" library="Felix_test_cu">
<arg>Information</arg>
<arg>${MSG_CONNEXION}${IP_CAMIX}:${PORT_CAMIX} ${MSG_CONNEXION_IMPOSSIBLE}</arg>
<status status="NOT RUN" starttime="20220424 15:32:33.506" endtime="20220424 15:32:33.506"/>
</kw>
<status status="NOT RUN" starttime="20220424 15:32:33.506" endtime="20220424 15:32:33.506"/>
</branch>
<status status="FAIL" starttime="20220424 15:32:29.459" endtime="20220424 15:32:33.506"/>
</if>
<status status="FAIL" starttime="20220424 15:32:29.458" endtime="20220424 15:32:33.508"/>
</kw>
<kw name="Arrêt Felix" library="Felix_test_cu" type="TEARDOWN">
<kw name="Switch To Application" library="RemoteSwingLibrary">
<arg>Felix</arg>
<doc>Switches between applications that are known to RemoteSwingLibrary.
        The application is identified using the ``alias``.
        Subsequent keywords will be passed on to this application.</doc>
<status status="PASS" starttime="20220424 15:32:33.509" endtime="20220424 15:32:33.510"/>
</kw>
<kw name="System Exit" library="RemoteSwingLibrary">
<doc> Uses the RemoteSwingLibrary java agent to call system exit for the current java application.</doc>
<msg timestamp="20220424 15:32:36.239" level="INFO">Connection died as expected</msg>
<msg timestamp="20220424 15:32:36.240" level="INFO">Waiting for process to complete.</msg>
<msg timestamp="20220424 15:32:36.241" level="INFO">Process completed.</msg>
<status status="PASS" starttime="20220424 15:32:33.510" endtime="20220424 15:32:36.241"/>
</kw>
<kw name="Sleep" library="BuiltIn">
<arg>1s</arg>
<doc>Pauses the test executed for the given time.</doc>
<msg timestamp="20220424 15:32:37.253" level="INFO">Slept 1 second</msg>
<status status="PASS" starttime="20220424 15:32:36.241" endtime="20220424 15:32:37.253"/>
</kw>
<status status="PASS" starttime="20220424 15:32:33.508" endtime="20220424 15:32:37.254"/>
</kw>
<status status="FAIL" starttime="20220424 15:32:20.755" endtime="20220424 15:32:37.255"/>
</kw>
<status status="FAIL" starttime="20220424 15:32:20.754" endtime="20220424 15:32:37.256">Connexion au chat @127.0.0.1:420 impossible != Connexion au chat @localhost:420 impossible</status>
</test>
<kw name="Arrêt Camix" library="Felix_test_cu" type="TEARDOWN">
<kw name="Terminate Process" library="Process">
<arg>Camix</arg>
<doc>Stops the process gracefully or forcefully.</doc>
<msg timestamp="20220424 15:32:37.258" level="INFO">Gracefully terminating process.</msg>
<msg timestamp="20220424 15:32:37.272" level="INFO">Process completed.</msg>
<status status="PASS" starttime="20220424 15:32:37.258" endtime="20220424 15:32:37.273"/>
</kw>
<kw name="Sleep" library="BuiltIn">
<arg>1s</arg>
<doc>Pauses the test executed for the given time.</doc>
<msg timestamp="20220424 15:32:38.281" level="INFO">Slept 1 second</msg>
<status status="PASS" starttime="20220424 15:32:37.273" endtime="20220424 15:32:38.281"/>
</kw>
<status status="PASS" starttime="20220424 15:32:37.257" endtime="20220424 15:32:38.282"/>
</kw>
<status status="FAIL" starttime="20220424 15:29:39.732" endtime="20220424 15:32:38.282"/>
</suite>
<statistics>
<total>
<stat pass="5" fail="2" skip="0">All Tests</stat>
</total>
<tag>
</tag>
<suite>
<stat pass="5" fail="2" skip="0" id="s1" name="Felix test cu">Felix test cu</stat>
</suite>
</statistics>
<errors>
</errors>
</robot>
